
*** Running vivado
    with args -log v7_bd_xbar_0.vds -m64 -product Vivado -mode batch -messageDb vivado.pb -notrace -source v7_bd_xbar_0.tcl


****** Vivado v2018.2 (64-bit)
  **** SW Build 2258646 on Thu Jun 14 20:02:38 MDT 2018
  **** IP Build 2256618 on Thu Jun 14 22:10:49 MDT 2018
    ** Copyright 1986-2018 Xilinx, Inc. All Rights Reserved.

source v7_bd_xbar_0.tcl -notrace
INFO: [Common 17-1565] set_msg_config should not be used to change the severity of DRC/METHODOLOGY checks. Please use the 'set_property SEVERITY <NEW_SEVERITY> [get_<drc|methodology>_checks <ID>]' command instead.
INFO: [Common 17-1565] set_msg_config should not be used to change the severity of DRC/METHODOLOGY checks. Please use the 'set_property SEVERITY <NEW_SEVERITY> [get_<drc|methodology>_checks <ID>]' command instead.
Command: synth_design -top v7_bd_xbar_0 -part xc7vx690tffg1927-2 -mode out_of_context
Starting synth_design
Attempting to get a license for feature 'Synthesis' and/or device 'xc7vx690t'
INFO: [Common 17-349] Got license for feature 'Synthesis' and/or device 'xc7vx690t'
INFO: Launching helper process for spawning children vivado processes
INFO: Helper process launched with PID 43907 
---------------------------------------------------------------------------------
Starting RTL Elaboration : Time (s): cpu = 00:00:05 ; elapsed = 00:00:23 . Memory (MB): peak = 1446.289 ; gain = 89.000 ; free physical = 73340 ; free virtual = 129803
---------------------------------------------------------------------------------
INFO: [Synth 8-6157] synthesizing module 'v7_bd_xbar_0' [/home/rrivera/CorrelatorTrigger/TimingDistribution/TimingDistributionClient/ctp7-v7-base-fw/build/ctp7_top/ctp7_top_project.srcs/sources_1/bd/2017/ip/v7_bd_xbar_0/synth/v7_bd_xbar_0.v:59]
INFO: [Synth 8-6157] synthesizing module 'axi_crossbar_v2_1_18_axi_crossbar' [/home/rrivera/CorrelatorTrigger/TimingDistribution/TimingDistributionClient/ctp7-v7-base-fw/build/ctp7_top/ctp7_top_project.srcs/sources_1/bd/2017/ipshared/15a3/hdl/axi_crossbar_v2_1_vl_rfs.v:4884]
	Parameter C_FAMILY bound to: virtex7 - type: string 
	Parameter C_NUM_SLAVE_SLOTS bound to: 2 - type: integer 
	Parameter C_NUM_MASTER_SLOTS bound to: 2 - type: integer 
	Parameter C_AXI_ID_WIDTH bound to: 1 - type: integer 
	Parameter C_AXI_ADDR_WIDTH bound to: 32 - type: integer 
	Parameter C_AXI_DATA_WIDTH bound to: 32 - type: integer 
	Parameter C_AXI_PROTOCOL bound to: 2 - type: integer 
	Parameter C_NUM_ADDR_RANGES bound to: 1 - type: integer 
	Parameter C_M_AXI_BASE_ADDR bound to: 128'b00000000000000000000000000000000011000000000000000000000000000000000000000000000000000000000000001101000000000000000000000000000 
	Parameter C_M_AXI_ADDR_WIDTH bound to: 64'b0000000000000000000000000001101100000000000000000000000000010000 
	Parameter C_S_AXI_BASE_ID bound to: 64'b0000000000000000000000000000000100000000000000000000000000000000 
	Parameter C_S_AXI_THREAD_ID_WIDTH bound to: 64'b0000000000000000000000000000000000000000000000000000000000000000 
	Parameter C_AXI_SUPPORTS_USER_SIGNALS bound to: 0 - type: integer 
	Parameter C_AXI_AWUSER_WIDTH bound to: 1 - type: integer 
	Parameter C_AXI_ARUSER_WIDTH bound to: 1 - type: integer 
	Parameter C_AXI_WUSER_WIDTH bound to: 1 - type: integer 
	Parameter C_AXI_RUSER_WIDTH bound to: 1 - type: integer 
	Parameter C_AXI_BUSER_WIDTH bound to: 1 - type: integer 
	Parameter C_M_AXI_WRITE_CONNECTIVITY bound to: 64'b0000000000000000000000000000001100000000000000000000000000000011 
	Parameter C_M_AXI_READ_CONNECTIVITY bound to: 64'b0000000000000000000000000000001100000000000000000000000000000011 
	Parameter C_R_REGISTER bound to: 1 - type: integer 
	Parameter C_S_AXI_SINGLE_THREAD bound to: 64'b0000000000000000000000000000000100000000000000000000000000000001 
	Parameter C_S_AXI_WRITE_ACCEPTANCE bound to: 64'b0000000000000000000000000000000100000000000000000000000000000001 
	Parameter C_S_AXI_READ_ACCEPTANCE bound to: 64'b0000000000000000000000000000000100000000000000000000000000000001 
	Parameter C_M_AXI_WRITE_ISSUING bound to: 64'b0000000000000000000000000000000100000000000000000000000000000001 
	Parameter C_M_AXI_READ_ISSUING bound to: 64'b0000000000000000000000000000000100000000000000000000000000000001 
	Parameter C_S_AXI_ARB_PRIORITY bound to: 64'b0000000000000000000000000000000000000000000000000000000000000000 
	Parameter C_M_AXI_SECURE bound to: 64'b0000000000000000000000000000000000000000000000000000000000000000 
	Parameter C_CONNECTIVITY_MODE bound to: 0 - type: integer 
	Parameter P_ONES bound to: 65'b11111111111111111111111111111111111111111111111111111111111111111 
	Parameter P_S_AXI_BASE_ID bound to: 128'b00000000000000000000000000000000000000000000000000000000000000010000000000000000000000000000000000000000000000000000000000000000 
	Parameter P_S_AXI_HIGH_ID bound to: 128'b00000000000000000000000000000000000000000000000000000000000000010000000000000000000000000000000000000000000000000000000000000000 
	Parameter P_AXI4 bound to: 0 - type: integer 
	Parameter P_AXI3 bound to: 1 - type: integer 
	Parameter P_AXILITE bound to: 2 - type: integer 
	Parameter P_AXILITE_SIZE bound to: 3'b010 
	Parameter P_INCR bound to: 2'b01 
	Parameter P_M_AXI_SUPPORTS_WRITE bound to: 2'b11 
	Parameter P_M_AXI_SUPPORTS_READ bound to: 2'b11 
	Parameter P_S_AXI_SUPPORTS_WRITE bound to: 2'b11 
	Parameter P_S_AXI_SUPPORTS_READ bound to: 2'b11 
	Parameter C_DEBUG bound to: 1 - type: integer 
	Parameter P_RANGE_CHECK bound to: 1 - type: integer 
	Parameter P_ADDR_DECODE bound to: 1 - type: integer 
	Parameter P_M_AXI_ERR_MODE bound to: 64'b0000000000000000000000000000000000000000000000000000000000000000 
	Parameter P_LEN bound to: 8 - type: integer 
	Parameter P_LOCK bound to: 1 - type: integer 
	Parameter P_FAMILY bound to: virtex7 - type: string 
INFO: [Synth 8-6157] synthesizing module 'axi_crossbar_v2_1_18_crossbar_sasd' [/home/rrivera/CorrelatorTrigger/TimingDistribution/TimingDistributionClient/ctp7-v7-base-fw/build/ctp7_top/ctp7_top_project.srcs/sources_1/bd/2017/ipshared/15a3/hdl/axi_crossbar_v2_1_vl_rfs.v:1240]
	Parameter C_FAMILY bound to: virtex7 - type: string 
	Parameter C_NUM_SLAVE_SLOTS bound to: 2 - type: integer 
	Parameter C_NUM_MASTER_SLOTS bound to: 2 - type: integer 
	Parameter C_NUM_ADDR_RANGES bound to: 1 - type: integer 
	Parameter C_AXI_ID_WIDTH bound to: 1 - type: integer 
	Parameter C_AXI_ADDR_WIDTH bound to: 32 - type: integer 
	Parameter C_AXI_DATA_WIDTH bound to: 32 - type: integer 
	Parameter C_AXI_PROTOCOL bound to: 2 - type: integer 
	Parameter C_M_AXI_BASE_ADDR bound to: 128'b00000000000000000000000000000000011000000000000000000000000000000000000000000000000000000000000001101000000000000000000000000000 
	Parameter C_M_AXI_HIGH_ADDR bound to: 128'b00000000000000000000000000000000011001111111111111111111111111110000000000000000000000000000000001101000000000001111111111111111 
	Parameter C_S_AXI_BASE_ID bound to: 128'b00000000000000000000000000000000000000000000000000000000000000010000000000000000000000000000000000000000000000000000000000000000 
	Parameter C_S_AXI_HIGH_ID bound to: 128'b00000000000000000000000000000000000000000000000000000000000000010000000000000000000000000000000000000000000000000000000000000000 
	Parameter C_AXI_SUPPORTS_USER_SIGNALS bound to: 0 - type: integer 
	Parameter C_AXI_AWUSER_WIDTH bound to: 1 - type: integer 
	Parameter C_AXI_ARUSER_WIDTH bound to: 1 - type: integer 
	Parameter C_AXI_WUSER_WIDTH bound to: 1 - type: integer 
	Parameter C_AXI_RUSER_WIDTH bound to: 1 - type: integer 
	Parameter C_AXI_BUSER_WIDTH bound to: 1 - type: integer 
	Parameter C_S_AXI_SUPPORTS_WRITE bound to: 2'b11 
	Parameter C_S_AXI_SUPPORTS_READ bound to: 2'b11 
	Parameter C_M_AXI_SUPPORTS_WRITE bound to: 2'b11 
	Parameter C_M_AXI_SUPPORTS_READ bound to: 2'b11 
	Parameter C_S_AXI_ARB_PRIORITY bound to: 64'b0000000000000000000000000000000000000000000000000000000000000000 
	Parameter C_M_AXI_SECURE bound to: 64'b0000000000000000000000000000000000000000000000000000000000000000 
	Parameter C_M_AXI_ERR_MODE bound to: 64'b0000000000000000000000000000000000000000000000000000000000000000 
	Parameter C_R_REGISTER bound to: 1 - type: integer 
	Parameter C_RANGE_CHECK bound to: 1 - type: integer 
	Parameter C_ADDR_DECODE bound to: 1 - type: integer 
	Parameter C_DEBUG bound to: 1 - type: integer 
	Parameter P_AXI4 bound to: 0 - type: integer 
	Parameter P_AXI3 bound to: 1 - type: integer 
	Parameter P_AXILITE bound to: 2 - type: integer 
	Parameter P_NUM_MASTER_SLOTS_DE bound to: 3 - type: integer 
	Parameter P_NUM_MASTER_SLOTS_LOG bound to: 1 - type: integer 
	Parameter P_NUM_MASTER_SLOTS_DE_LOG bound to: 2 - type: integer 
	Parameter P_NUM_SLAVE_SLOTS_LOG bound to: 1 - type: integer 
	Parameter P_AXI_AUSER_WIDTH bound to: 1 - type: integer 
	Parameter P_AXI_WID_WIDTH bound to: 1 - type: integer 
	Parameter P_AMESG_WIDTH bound to: 64 - type: integer 
	Parameter P_BMESG_WIDTH bound to: 3 - type: integer 
	Parameter P_RMESG_WIDTH bound to: 36 - type: integer 
	Parameter P_WMESG_WIDTH bound to: 39 - type: integer 
	Parameter P_AXILITE_ERRMODE bound to: 1 - type: integer 
	Parameter P_NONSECURE_BIT bound to: 1 - type: integer 
	Parameter P_M_SECURE_MASK bound to: 2'b00 
	Parameter P_M_AXILITE_MASK bound to: 2'b00 
	Parameter P_FIXED bound to: 2'b00 
	Parameter P_BYPASS bound to: 0 - type: integer 
	Parameter P_LIGHTWT bound to: 7 - type: integer 
	Parameter P_FULLY_REG bound to: 1 - type: integer 
	Parameter P_R_REG_CONFIG bound to: 1 - type: integer 
	Parameter P_DECERR bound to: 2'b11 
INFO: [Synth 8-6157] synthesizing module 'axi_crossbar_v2_1_18_addr_decoder' [/home/rrivera/CorrelatorTrigger/TimingDistribution/TimingDistributionClient/ctp7-v7-base-fw/build/ctp7_top/ctp7_top_project.srcs/sources_1/bd/2017/ipshared/15a3/hdl/axi_crossbar_v2_1_vl_rfs.v:794]
	Parameter C_FAMILY bound to: virtex7 - type: string 
	Parameter C_NUM_TARGETS bound to: 2 - type: integer 
	Parameter C_NUM_TARGETS_LOG bound to: 1 - type: integer 
	Parameter C_NUM_RANGES bound to: 1 - type: integer 
	Parameter C_ADDR_WIDTH bound to: 32 - type: integer 
	Parameter C_TARGET_ENC bound to: 1 - type: integer 
	Parameter C_TARGET_HOT bound to: 1 - type: integer 
	Parameter C_REGION_ENC bound to: 1 - type: integer 
	Parameter C_BASE_ADDR bound to: 128'b00000000000000000000000000000000011000000000000000000000000000000000000000000000000000000000000001101000000000000000000000000000 
	Parameter C_HIGH_ADDR bound to: 128'b00000000000000000000000000000000011001111111111111111111111111110000000000000000000000000000000001101000000000001111111111111111 
	Parameter C_TARGET_QUAL bound to: 3'b011 
	Parameter C_RESOLUTION bound to: 2 - type: integer 
	Parameter C_COMPARATOR_THRESHOLD bound to: 6 - type: integer 
INFO: [Synth 8-6157] synthesizing module 'generic_baseblocks_v2_1_0_comparator_static' [/home/rrivera/CorrelatorTrigger/TimingDistribution/TimingDistributionClient/ctp7-v7-base-fw/build/ctp7_top/ctp7_top_project.srcs/sources_1/bd/2017/ipshared/b752/hdl/generic_baseblocks_v2_1_vl_rfs.v:2133]
	Parameter C_FAMILY bound to: rtl - type: string 
	Parameter C_VALUE bound to: 30'b011010000000000000000000000000 
	Parameter C_DATA_WIDTH bound to: 30 - type: integer 
	Parameter C_BITS_PER_LUT bound to: 6 - type: integer 
	Parameter C_NUM_LUT bound to: 5 - type: integer 
	Parameter C_FIX_DATA_WIDTH bound to: 30 - type: integer 
INFO: [Synth 8-6157] synthesizing module 'generic_baseblocks_v2_1_0_carry_and' [/home/rrivera/CorrelatorTrigger/TimingDistribution/TimingDistributionClient/ctp7-v7-base-fw/build/ctp7_top/ctp7_top_project.srcs/sources_1/bd/2017/ipshared/b752/hdl/generic_baseblocks_v2_1_vl_rfs.v:62]
	Parameter C_FAMILY bound to: rtl - type: string 
INFO: [Synth 8-6155] done synthesizing module 'generic_baseblocks_v2_1_0_carry_and' (1#1) [/home/rrivera/CorrelatorTrigger/TimingDistribution/TimingDistributionClient/ctp7-v7-base-fw/build/ctp7_top/ctp7_top_project.srcs/sources_1/bd/2017/ipshared/b752/hdl/generic_baseblocks_v2_1_vl_rfs.v:62]
INFO: [Synth 8-6155] done synthesizing module 'generic_baseblocks_v2_1_0_comparator_static' (2#1) [/home/rrivera/CorrelatorTrigger/TimingDistribution/TimingDistributionClient/ctp7-v7-base-fw/build/ctp7_top/ctp7_top_project.srcs/sources_1/bd/2017/ipshared/b752/hdl/generic_baseblocks_v2_1_vl_rfs.v:2133]
INFO: [Synth 8-6157] synthesizing module 'generic_baseblocks_v2_1_0_comparator_static__parameterized0' [/home/rrivera/CorrelatorTrigger/TimingDistribution/TimingDistributionClient/ctp7-v7-base-fw/build/ctp7_top/ctp7_top_project.srcs/sources_1/bd/2017/ipshared/b752/hdl/generic_baseblocks_v2_1_vl_rfs.v:2133]
	Parameter C_FAMILY bound to: rtl - type: string 
	Parameter C_VALUE bound to: 30'b011000000000000000000000000000 
	Parameter C_DATA_WIDTH bound to: 30 - type: integer 
	Parameter C_BITS_PER_LUT bound to: 6 - type: integer 
	Parameter C_NUM_LUT bound to: 5 - type: integer 
	Parameter C_FIX_DATA_WIDTH bound to: 30 - type: integer 
INFO: [Synth 8-6155] done synthesizing module 'generic_baseblocks_v2_1_0_comparator_static__parameterized0' (2#1) [/home/rrivera/CorrelatorTrigger/TimingDistribution/TimingDistributionClient/ctp7-v7-base-fw/build/ctp7_top/ctp7_top_project.srcs/sources_1/bd/2017/ipshared/b752/hdl/generic_baseblocks_v2_1_vl_rfs.v:2133]
INFO: [Synth 8-6155] done synthesizing module 'axi_crossbar_v2_1_18_addr_decoder' (3#1) [/home/rrivera/CorrelatorTrigger/TimingDistribution/TimingDistributionClient/ctp7-v7-base-fw/build/ctp7_top/ctp7_top_project.srcs/sources_1/bd/2017/ipshared/15a3/hdl/axi_crossbar_v2_1_vl_rfs.v:794]
INFO: [Synth 8-6157] synthesizing module 'generic_baseblocks_v2_1_0_mux_enc' [/home/rrivera/CorrelatorTrigger/TimingDistribution/TimingDistributionClient/ctp7-v7-base-fw/build/ctp7_top/ctp7_top_project.srcs/sources_1/bd/2017/ipshared/b752/hdl/generic_baseblocks_v2_1_vl_rfs.v:2452]
	Parameter C_FAMILY bound to: rtl - type: string 
	Parameter C_RATIO bound to: 2 - type: integer 
	Parameter C_SEL_WIDTH bound to: 1 - type: integer 
	Parameter C_DATA_WIDTH bound to: 1 - type: integer 
INFO: [Synth 8-6155] done synthesizing module 'generic_baseblocks_v2_1_0_mux_enc' (4#1) [/home/rrivera/CorrelatorTrigger/TimingDistribution/TimingDistributionClient/ctp7-v7-base-fw/build/ctp7_top/ctp7_top_project.srcs/sources_1/bd/2017/ipshared/b752/hdl/generic_baseblocks_v2_1_vl_rfs.v:2452]
INFO: [Synth 8-6157] synthesizing module 'generic_baseblocks_v2_1_0_mux_enc__parameterized0' [/home/rrivera/CorrelatorTrigger/TimingDistribution/TimingDistributionClient/ctp7-v7-base-fw/build/ctp7_top/ctp7_top_project.srcs/sources_1/bd/2017/ipshared/b752/hdl/generic_baseblocks_v2_1_vl_rfs.v:2452]
	Parameter C_FAMILY bound to: rtl - type: string 
	Parameter C_RATIO bound to: 2 - type: integer 
	Parameter C_SEL_WIDTH bound to: 1 - type: integer 
	Parameter C_DATA_WIDTH bound to: 39 - type: integer 
INFO: [Synth 8-6155] done synthesizing module 'generic_baseblocks_v2_1_0_mux_enc__parameterized0' (4#1) [/home/rrivera/CorrelatorTrigger/TimingDistribution/TimingDistributionClient/ctp7-v7-base-fw/build/ctp7_top/ctp7_top_project.srcs/sources_1/bd/2017/ipshared/b752/hdl/generic_baseblocks_v2_1_vl_rfs.v:2452]
INFO: [Synth 8-6157] synthesizing module 'axi_crossbar_v2_1_18_decerr_slave' [/home/rrivera/CorrelatorTrigger/TimingDistribution/TimingDistributionClient/ctp7-v7-base-fw/build/ctp7_top/ctp7_top_project.srcs/sources_1/bd/2017/ipshared/15a3/hdl/axi_crossbar_v2_1_vl_rfs.v:3501]
	Parameter C_AXI_ID_WIDTH bound to: 1 - type: integer 
	Parameter C_AXI_DATA_WIDTH bound to: 32 - type: integer 
	Parameter C_AXI_BUSER_WIDTH bound to: 1 - type: integer 
	Parameter C_AXI_RUSER_WIDTH bound to: 1 - type: integer 
	Parameter C_AXI_PROTOCOL bound to: 2 - type: integer 
	Parameter C_RESP bound to: 3 - type: integer 
	Parameter P_WRITE_IDLE bound to: 2'b00 
	Parameter P_WRITE_DATA bound to: 2'b01 
	Parameter P_WRITE_RESP bound to: 2'b10 
	Parameter P_READ_IDLE bound to: 1'b0 
	Parameter P_READ_DATA bound to: 1'b1 
	Parameter P_AXI4 bound to: 0 - type: integer 
	Parameter P_AXI3 bound to: 1 - type: integer 
	Parameter P_AXILITE bound to: 2 - type: integer 
INFO: [Synth 8-6155] done synthesizing module 'axi_crossbar_v2_1_18_decerr_slave' (5#1) [/home/rrivera/CorrelatorTrigger/TimingDistribution/TimingDistributionClient/ctp7-v7-base-fw/build/ctp7_top/ctp7_top_project.srcs/sources_1/bd/2017/ipshared/15a3/hdl/axi_crossbar_v2_1_vl_rfs.v:3501]
INFO: [Synth 8-6157] synthesizing module 'axi_crossbar_v2_1_18_addr_arbiter_sasd' [/home/rrivera/CorrelatorTrigger/TimingDistribution/TimingDistributionClient/ctp7-v7-base-fw/build/ctp7_top/ctp7_top_project.srcs/sources_1/bd/2017/ipshared/15a3/hdl/axi_crossbar_v2_1_vl_rfs.v:65]
	Parameter C_FAMILY bound to: virtex7 - type: string 
	Parameter C_NUM_S bound to: 2 - type: integer 
	Parameter C_NUM_S_LOG bound to: 1 - type: integer 
	Parameter C_AMESG_WIDTH bound to: 64 - type: integer 
	Parameter C_GRANT_ENC bound to: 1 - type: integer 
	Parameter C_ARB_PRIORITY bound to: 64'b0000000000000000000000000000000000000000000000000000000000000000 
	Parameter P_PRIO_MASK bound to: 2'b00 
INFO: [Synth 8-6157] synthesizing module 'generic_baseblocks_v2_1_0_mux_enc__parameterized1' [/home/rrivera/CorrelatorTrigger/TimingDistribution/TimingDistributionClient/ctp7-v7-base-fw/build/ctp7_top/ctp7_top_project.srcs/sources_1/bd/2017/ipshared/b752/hdl/generic_baseblocks_v2_1_vl_rfs.v:2452]
	Parameter C_FAMILY bound to: rtl - type: string 
	Parameter C_RATIO bound to: 2 - type: integer 
	Parameter C_SEL_WIDTH bound to: 1 - type: integer 
	Parameter C_DATA_WIDTH bound to: 64 - type: integer 
INFO: [Synth 8-6155] done synthesizing module 'generic_baseblocks_v2_1_0_mux_enc__parameterized1' (5#1) [/home/rrivera/CorrelatorTrigger/TimingDistribution/TimingDistributionClient/ctp7-v7-base-fw/build/ctp7_top/ctp7_top_project.srcs/sources_1/bd/2017/ipshared/b752/hdl/generic_baseblocks_v2_1_vl_rfs.v:2452]
INFO: [Synth 8-3936] Found unconnected internal register 'gen_arbiter.next_rr_hot_reg' and it is trimmed from '16' to '2' bits. [/home/rrivera/CorrelatorTrigger/TimingDistribution/TimingDistributionClient/ctp7-v7-base-fw/build/ctp7_top/ctp7_top_project.srcs/sources_1/bd/2017/ipshared/15a3/hdl/axi_crossbar_v2_1_vl_rfs.v:276]
INFO: [Synth 8-6155] done synthesizing module 'axi_crossbar_v2_1_18_addr_arbiter_sasd' (6#1) [/home/rrivera/CorrelatorTrigger/TimingDistribution/TimingDistributionClient/ctp7-v7-base-fw/build/ctp7_top/ctp7_top_project.srcs/sources_1/bd/2017/ipshared/15a3/hdl/axi_crossbar_v2_1_vl_rfs.v:65]
INFO: [Synth 8-6157] synthesizing module 'axi_crossbar_v2_1_18_splitter' [/home/rrivera/CorrelatorTrigger/TimingDistribution/TimingDistributionClient/ctp7-v7-base-fw/build/ctp7_top/ctp7_top_project.srcs/sources_1/bd/2017/ipshared/15a3/hdl/axi_crossbar_v2_1_vl_rfs.v:4461]
	Parameter C_NUM_M bound to: 3 - type: integer 
INFO: [Synth 8-6155] done synthesizing module 'axi_crossbar_v2_1_18_splitter' (7#1) [/home/rrivera/CorrelatorTrigger/TimingDistribution/TimingDistributionClient/ctp7-v7-base-fw/build/ctp7_top/ctp7_top_project.srcs/sources_1/bd/2017/ipshared/15a3/hdl/axi_crossbar_v2_1_vl_rfs.v:4461]
INFO: [Synth 8-6157] synthesizing module 'axi_crossbar_v2_1_18_splitter__parameterized0' [/home/rrivera/CorrelatorTrigger/TimingDistribution/TimingDistributionClient/ctp7-v7-base-fw/build/ctp7_top/ctp7_top_project.srcs/sources_1/bd/2017/ipshared/15a3/hdl/axi_crossbar_v2_1_vl_rfs.v:4461]
	Parameter C_NUM_M bound to: 2 - type: integer 
INFO: [Synth 8-6155] done synthesizing module 'axi_crossbar_v2_1_18_splitter__parameterized0' (7#1) [/home/rrivera/CorrelatorTrigger/TimingDistribution/TimingDistributionClient/ctp7-v7-base-fw/build/ctp7_top/ctp7_top_project.srcs/sources_1/bd/2017/ipshared/15a3/hdl/axi_crossbar_v2_1_vl_rfs.v:4461]
INFO: [Synth 8-6157] synthesizing module 'generic_baseblocks_v2_1_0_mux_enc__parameterized2' [/home/rrivera/CorrelatorTrigger/TimingDistribution/TimingDistributionClient/ctp7-v7-base-fw/build/ctp7_top/ctp7_top_project.srcs/sources_1/bd/2017/ipshared/b752/hdl/generic_baseblocks_v2_1_vl_rfs.v:2452]
	Parameter C_FAMILY bound to: rtl - type: string 
	Parameter C_RATIO bound to: 3 - type: integer 
	Parameter C_SEL_WIDTH bound to: 2 - type: integer 
	Parameter C_DATA_WIDTH bound to: 1 - type: integer 
INFO: [Synth 8-6155] done synthesizing module 'generic_baseblocks_v2_1_0_mux_enc__parameterized2' (7#1) [/home/rrivera/CorrelatorTrigger/TimingDistribution/TimingDistributionClient/ctp7-v7-base-fw/build/ctp7_top/ctp7_top_project.srcs/sources_1/bd/2017/ipshared/b752/hdl/generic_baseblocks_v2_1_vl_rfs.v:2452]
INFO: [Synth 8-6157] synthesizing module 'generic_baseblocks_v2_1_0_mux_enc__parameterized3' [/home/rrivera/CorrelatorTrigger/TimingDistribution/TimingDistributionClient/ctp7-v7-base-fw/build/ctp7_top/ctp7_top_project.srcs/sources_1/bd/2017/ipshared/b752/hdl/generic_baseblocks_v2_1_vl_rfs.v:2452]
	Parameter C_FAMILY bound to: rtl - type: string 
	Parameter C_RATIO bound to: 3 - type: integer 
	Parameter C_SEL_WIDTH bound to: 2 - type: integer 
	Parameter C_DATA_WIDTH bound to: 36 - type: integer 
INFO: [Synth 8-6155] done synthesizing module 'generic_baseblocks_v2_1_0_mux_enc__parameterized3' (7#1) [/home/rrivera/CorrelatorTrigger/TimingDistribution/TimingDistributionClient/ctp7-v7-base-fw/build/ctp7_top/ctp7_top_project.srcs/sources_1/bd/2017/ipshared/b752/hdl/generic_baseblocks_v2_1_vl_rfs.v:2452]
INFO: [Synth 8-6157] synthesizing module 'axi_register_slice_v2_1_17_axic_register_slice' [/home/rrivera/CorrelatorTrigger/TimingDistribution/TimingDistributionClient/ctp7-v7-base-fw/build/ctp7_top/ctp7_top_project.srcs/sources_1/bd/2017/ipshared/6020/hdl/axi_register_slice_v2_1_vl_rfs.v:189]
	Parameter C_FAMILY bound to: virtex7 - type: string 
	Parameter C_DATA_WIDTH bound to: 36 - type: integer 
	Parameter C_REG_CONFIG bound to: 1 - type: integer 
INFO: [Synth 8-6155] done synthesizing module 'axi_register_slice_v2_1_17_axic_register_slice' (8#1) [/home/rrivera/CorrelatorTrigger/TimingDistribution/TimingDistributionClient/ctp7-v7-base-fw/build/ctp7_top/ctp7_top_project.srcs/sources_1/bd/2017/ipshared/6020/hdl/axi_register_slice_v2_1_vl_rfs.v:189]
INFO: [Synth 8-6157] synthesizing module 'generic_baseblocks_v2_1_0_mux_enc__parameterized4' [/home/rrivera/CorrelatorTrigger/TimingDistribution/TimingDistributionClient/ctp7-v7-base-fw/build/ctp7_top/ctp7_top_project.srcs/sources_1/bd/2017/ipshared/b752/hdl/generic_baseblocks_v2_1_vl_rfs.v:2452]
	Parameter C_FAMILY bound to: rtl - type: string 
	Parameter C_RATIO bound to: 3 - type: integer 
	Parameter C_SEL_WIDTH bound to: 2 - type: integer 
	Parameter C_DATA_WIDTH bound to: 3 - type: integer 
INFO: [Synth 8-6155] done synthesizing module 'generic_baseblocks_v2_1_0_mux_enc__parameterized4' (8#1) [/home/rrivera/CorrelatorTrigger/TimingDistribution/TimingDistributionClient/ctp7-v7-base-fw/build/ctp7_top/ctp7_top_project.srcs/sources_1/bd/2017/ipshared/b752/hdl/generic_baseblocks_v2_1_vl_rfs.v:2452]
WARNING: [Synth 8-6014] Unused sequential element gen_debug_trans_seq.debug_aw_trans_seq_i_reg was removed.  [/home/rrivera/CorrelatorTrigger/TimingDistribution/TimingDistributionClient/ctp7-v7-base-fw/build/ctp7_top/ctp7_top_project.srcs/sources_1/bd/2017/ipshared/15a3/hdl/axi_crossbar_v2_1_vl_rfs.v:2056]
WARNING: [Synth 8-6014] Unused sequential element gen_debug_trans_seq.debug_ar_trans_seq_i_reg was removed.  [/home/rrivera/CorrelatorTrigger/TimingDistribution/TimingDistributionClient/ctp7-v7-base-fw/build/ctp7_top/ctp7_top_project.srcs/sources_1/bd/2017/ipshared/15a3/hdl/axi_crossbar_v2_1_vl_rfs.v:2067]
WARNING: [Synth 8-6014] Unused sequential element gen_debug_trans_seq.debug_w_beat_cnt_i_reg was removed.  [/home/rrivera/CorrelatorTrigger/TimingDistribution/TimingDistributionClient/ctp7-v7-base-fw/build/ctp7_top/ctp7_top_project.srcs/sources_1/bd/2017/ipshared/15a3/hdl/axi_crossbar_v2_1_vl_rfs.v:2078]
WARNING: [Synth 8-6014] Unused sequential element gen_debug_trans_seq.debug_r_beat_cnt_i_reg was removed.  [/home/rrivera/CorrelatorTrigger/TimingDistribution/TimingDistributionClient/ctp7-v7-base-fw/build/ctp7_top/ctp7_top_project.srcs/sources_1/bd/2017/ipshared/15a3/hdl/axi_crossbar_v2_1_vl_rfs.v:2091]
INFO: [Synth 8-6155] done synthesizing module 'axi_crossbar_v2_1_18_crossbar_sasd' (9#1) [/home/rrivera/CorrelatorTrigger/TimingDistribution/TimingDistributionClient/ctp7-v7-base-fw/build/ctp7_top/ctp7_top_project.srcs/sources_1/bd/2017/ipshared/15a3/hdl/axi_crossbar_v2_1_vl_rfs.v:1240]
INFO: [Synth 8-6155] done synthesizing module 'axi_crossbar_v2_1_18_axi_crossbar' (10#1) [/home/rrivera/CorrelatorTrigger/TimingDistribution/TimingDistributionClient/ctp7-v7-base-fw/build/ctp7_top/ctp7_top_project.srcs/sources_1/bd/2017/ipshared/15a3/hdl/axi_crossbar_v2_1_vl_rfs.v:4884]
INFO: [Synth 8-6155] done synthesizing module 'v7_bd_xbar_0' (11#1) [/home/rrivera/CorrelatorTrigger/TimingDistribution/TimingDistributionClient/ctp7-v7-base-fw/build/ctp7_top/ctp7_top_project.srcs/sources_1/bd/2017/ip/v7_bd_xbar_0/synth/v7_bd_xbar_0.v:59]
WARNING: [Synth 8-3301] Unused top level parameter/generic BUILD_INFO_G
---------------------------------------------------------------------------------
Finished RTL Elaboration : Time (s): cpu = 00:00:10 ; elapsed = 00:00:46 . Memory (MB): peak = 1575.918 ; gain = 218.629 ; free physical = 73031 ; free virtual = 129495
---------------------------------------------------------------------------------

Report Check Netlist: 
+------+------------------+-------+---------+-------+------------------+
|      |Item              |Errors |Warnings |Status |Description       |
+------+------------------+-------+---------+-------+------------------+
|1     |multi_driven_nets |      0|        0|Passed |Multi driven nets |
+------+------------------+-------+---------+-------+------------------+
---------------------------------------------------------------------------------
Start Handling Custom Attributes
---------------------------------------------------------------------------------
---------------------------------------------------------------------------------
Finished Handling Custom Attributes : Time (s): cpu = 00:00:10 ; elapsed = 00:00:46 . Memory (MB): peak = 1575.918 ; gain = 218.629 ; free physical = 73031 ; free virtual = 129495
---------------------------------------------------------------------------------
---------------------------------------------------------------------------------
Finished RTL Optimization Phase 1 : Time (s): cpu = 00:00:10 ; elapsed = 00:00:46 . Memory (MB): peak = 1575.918 ; gain = 218.629 ; free physical = 73031 ; free virtual = 129495
---------------------------------------------------------------------------------
INFO: [Device 21-403] Loading part xc7vx690tffg1927-2
INFO: [Project 1-570] Preparing netlist for logic optimization

Processing XDC Constraints
Initializing timing engine
Parsing XDC File [/home/rrivera/CorrelatorTrigger/TimingDistribution/TimingDistributionClient/ctp7-v7-base-fw/build/ctp7_top/ctp7_top_project.srcs/sources_1/bd/2017/ip/v7_bd_xbar_0/v7_bd_xbar_0_ooc.xdc] for cell 'inst'
Finished Parsing XDC File [/home/rrivera/CorrelatorTrigger/TimingDistribution/TimingDistributionClient/ctp7-v7-base-fw/build/ctp7_top/ctp7_top_project.srcs/sources_1/bd/2017/ip/v7_bd_xbar_0/v7_bd_xbar_0_ooc.xdc] for cell 'inst'
Parsing XDC File [/home/rrivera/CorrelatorTrigger/TimingDistribution/TimingDistributionClient/ctp7-v7-base-fw/build/ctp7_top/ctp7_top_project.runs/v7_bd_xbar_0_synth_1/dont_touch.xdc]
Finished Parsing XDC File [/home/rrivera/CorrelatorTrigger/TimingDistribution/TimingDistributionClient/ctp7-v7-base-fw/build/ctp7_top/ctp7_top_project.runs/v7_bd_xbar_0_synth_1/dont_touch.xdc]
Completed Processing XDC Constraints

INFO: [Project 1-111] Unisim Transformation Summary:
No Unisim elements were transformed.

Constraint Validation Runtime : Time (s): cpu = 00:00:00.05 ; elapsed = 00:00:00.04 . Memory (MB): peak = 2027.273 ; gain = 0.004 ; free physical = 73231 ; free virtual = 129710
---------------------------------------------------------------------------------
Finished Constraint Validation : Time (s): cpu = 00:00:39 ; elapsed = 00:03:15 . Memory (MB): peak = 2027.273 ; gain = 669.984 ; free physical = 73235 ; free virtual = 129723
---------------------------------------------------------------------------------
---------------------------------------------------------------------------------
Start Loading Part and Timing Information
---------------------------------------------------------------------------------
Loading part: xc7vx690tffg1927-2
---------------------------------------------------------------------------------
Finished Loading Part and Timing Information : Time (s): cpu = 00:00:39 ; elapsed = 00:03:15 . Memory (MB): peak = 2027.273 ; gain = 669.984 ; free physical = 73235 ; free virtual = 129723
---------------------------------------------------------------------------------
---------------------------------------------------------------------------------
Start Applying 'set_property' XDC Constraints
---------------------------------------------------------------------------------
Applied set_property DONT_TOUCH = true for inst. (constraint file  /home/rrivera/CorrelatorTrigger/TimingDistribution/TimingDistributionClient/ctp7-v7-base-fw/build/ctp7_top/ctp7_top_project.runs/v7_bd_xbar_0_synth_1/dont_touch.xdc, line 9).
---------------------------------------------------------------------------------
Finished applying 'set_property' XDC Constraints : Time (s): cpu = 00:00:39 ; elapsed = 00:03:15 . Memory (MB): peak = 2027.273 ; gain = 669.984 ; free physical = 73227 ; free virtual = 129714
---------------------------------------------------------------------------------
INFO: [Synth 8-4471] merging register 'gen_axilite.s_axi_wready_i_reg' into 'gen_axilite.s_axi_awready_i_reg' [/home/rrivera/CorrelatorTrigger/TimingDistribution/TimingDistributionClient/ctp7-v7-base-fw/build/ctp7_top/ctp7_top_project.srcs/sources_1/bd/2017/ipshared/15a3/hdl/axi_crossbar_v2_1_vl_rfs.v:3574]
WARNING: [Synth 8-6014] Unused sequential element gen_axilite.s_axi_wready_i_reg was removed.  [/home/rrivera/CorrelatorTrigger/TimingDistribution/TimingDistributionClient/ctp7-v7-base-fw/build/ctp7_top/ctp7_top_project.srcs/sources_1/bd/2017/ipshared/15a3/hdl/axi_crossbar_v2_1_vl_rfs.v:3574]
---------------------------------------------------------------------------------
Finished RTL Optimization Phase 2 : Time (s): cpu = 00:00:39 ; elapsed = 00:03:15 . Memory (MB): peak = 2027.273 ; gain = 669.984 ; free physical = 73206 ; free virtual = 129687
---------------------------------------------------------------------------------

Report RTL Partitions: 
+-+--------------+------------+----------+
| |RTL Partition |Replication |Instances |
+-+--------------+------------+----------+
+-+--------------+------------+----------+
---------------------------------------------------------------------------------
Start RTL Component Statistics 
---------------------------------------------------------------------------------
Detailed RTL Component Info : 
+---Registers : 
	               64 Bit    Registers := 1     
	               36 Bit    Registers := 2     
	                3 Bit    Registers := 2     
	                2 Bit    Registers := 8     
	                1 Bit    Registers := 11    
+---Muxes : 
	   2 Input     64 Bit        Muxes := 2     
	   2 Input     36 Bit        Muxes := 2     
	   2 Input      3 Bit        Muxes := 1     
	   2 Input      2 Bit        Muxes := 2     
	   2 Input      1 Bit        Muxes := 32    
---------------------------------------------------------------------------------
Finished RTL Component Statistics 
---------------------------------------------------------------------------------
---------------------------------------------------------------------------------
Start RTL Hierarchical Component Statistics 
---------------------------------------------------------------------------------
Hierarchical RTL Component report 
Module axi_crossbar_v2_1_18_addr_decoder 
Detailed RTL Component Info : 
+---Muxes : 
	   2 Input      2 Bit        Muxes := 1     
Module axi_crossbar_v2_1_18_decerr_slave 
Detailed RTL Component Info : 
+---Registers : 
	                1 Bit    Registers := 4     
+---Muxes : 
	   2 Input      1 Bit        Muxes := 3     
Module axi_crossbar_v2_1_18_addr_arbiter_sasd 
Detailed RTL Component Info : 
+---Registers : 
	               64 Bit    Registers := 1     
	                2 Bit    Registers := 5     
	                1 Bit    Registers := 4     
+---Muxes : 
	   2 Input     64 Bit        Muxes := 2     
	   2 Input      1 Bit        Muxes := 7     
Module axi_crossbar_v2_1_18_splitter 
Detailed RTL Component Info : 
+---Registers : 
	                3 Bit    Registers := 1     
Module axi_crossbar_v2_1_18_splitter__parameterized0 
Detailed RTL Component Info : 
+---Registers : 
	                2 Bit    Registers := 1     
Module generic_baseblocks_v2_1_0_mux_enc__parameterized2 
Detailed RTL Component Info : 
+---Muxes : 
	   2 Input      1 Bit        Muxes := 3     
Module generic_baseblocks_v2_1_0_mux_enc__parameterized3 
Detailed RTL Component Info : 
+---Muxes : 
	   2 Input      1 Bit        Muxes := 3     
Module axi_register_slice_v2_1_17_axic_register_slice 
Detailed RTL Component Info : 
+---Registers : 
	               36 Bit    Registers := 2     
	                2 Bit    Registers := 1     
	                1 Bit    Registers := 2     
+---Muxes : 
	   2 Input     36 Bit        Muxes := 2     
Module generic_baseblocks_v2_1_0_mux_enc__parameterized4 
Detailed RTL Component Info : 
+---Muxes : 
	   2 Input      1 Bit        Muxes := 3     
Module axi_crossbar_v2_1_18_crossbar_sasd 
Detailed RTL Component Info : 
+---Registers : 
	                3 Bit    Registers := 1     
	                2 Bit    Registers := 1     
	                1 Bit    Registers := 1     
+---Muxes : 
	   2 Input      3 Bit        Muxes := 1     
	   2 Input      2 Bit        Muxes := 1     
	   2 Input      1 Bit        Muxes := 1     
---------------------------------------------------------------------------------
Finished RTL Hierarchical Component Statistics
---------------------------------------------------------------------------------
---------------------------------------------------------------------------------
Start Part Resource Summary
---------------------------------------------------------------------------------
Part Resources:
DSPs: 3600 (col length:200)
BRAMs: 2940 (col length: RAMB18 200 RAMB36 100)
---------------------------------------------------------------------------------
Finished Part Resource Summary
---------------------------------------------------------------------------------
---------------------------------------------------------------------------------
Start Cross Boundary and Area Optimization
---------------------------------------------------------------------------------
Warning: Parallel synthesis criteria is not met 
INFO: [Synth 8-3936] Found unconnected internal register 'gen_sasd.crossbar_sasd_0/reg_slice_r/m_payload_i_reg' and it is trimmed from '36' to '35' bits. [/home/rrivera/CorrelatorTrigger/TimingDistribution/TimingDistributionClient/ctp7-v7-base-fw/build/ctp7_top/ctp7_top_project.srcs/sources_1/bd/2017/ipshared/6020/hdl/axi_register_slice_v2_1_vl_rfs.v:422]
---------------------------------------------------------------------------------
Finished Cross Boundary and Area Optimization : Time (s): cpu = 00:00:40 ; elapsed = 00:03:16 . Memory (MB): peak = 2027.273 ; gain = 669.984 ; free physical = 73201 ; free virtual = 129689
---------------------------------------------------------------------------------

Report RTL Partitions: 
+-+--------------+------------+----------+
| |RTL Partition |Replication |Instances |
+-+--------------+------------+----------+
+-+--------------+------------+----------+
---------------------------------------------------------------------------------
Start Applying XDC Timing Constraints
---------------------------------------------------------------------------------
---------------------------------------------------------------------------------
Finished Applying XDC Timing Constraints : Time (s): cpu = 00:00:45 ; elapsed = 00:03:27 . Memory (MB): peak = 2027.273 ; gain = 669.984 ; free physical = 73841 ; free virtual = 130342
---------------------------------------------------------------------------------
---------------------------------------------------------------------------------
Start Timing Optimization
---------------------------------------------------------------------------------
---------------------------------------------------------------------------------
Finished Timing Optimization : Time (s): cpu = 00:00:45 ; elapsed = 00:03:27 . Memory (MB): peak = 2027.273 ; gain = 669.984 ; free physical = 73823 ; free virtual = 130324
---------------------------------------------------------------------------------

Report RTL Partitions: 
+-+--------------+------------+----------+
| |RTL Partition |Replication |Instances |
+-+--------------+------------+----------+
+-+--------------+------------+----------+
---------------------------------------------------------------------------------
Start Technology Mapping
---------------------------------------------------------------------------------
---------------------------------------------------------------------------------
Finished Technology Mapping : Time (s): cpu = 00:00:45 ; elapsed = 00:03:27 . Memory (MB): peak = 2027.273 ; gain = 669.984 ; free physical = 73821 ; free virtual = 130322
---------------------------------------------------------------------------------

Report RTL Partitions: 
+-+--------------+------------+----------+
| |RTL Partition |Replication |Instances |
+-+--------------+------------+----------+
+-+--------------+------------+----------+
---------------------------------------------------------------------------------
Start IO Insertion
---------------------------------------------------------------------------------
---------------------------------------------------------------------------------
Start Flattening Before IO Insertion
---------------------------------------------------------------------------------
---------------------------------------------------------------------------------
Finished Flattening Before IO Insertion
---------------------------------------------------------------------------------
---------------------------------------------------------------------------------
Start Final Netlist Cleanup
---------------------------------------------------------------------------------
---------------------------------------------------------------------------------
Finished Final Netlist Cleanup
---------------------------------------------------------------------------------
---------------------------------------------------------------------------------
Finished IO Insertion : Time (s): cpu = 00:00:46 ; elapsed = 00:03:28 . Memory (MB): peak = 2027.273 ; gain = 669.984 ; free physical = 73825 ; free virtual = 130326
---------------------------------------------------------------------------------

Report Check Netlist: 
+------+------------------+-------+---------+-------+------------------+
|      |Item              |Errors |Warnings |Status |Description       |
+------+------------------+-------+---------+-------+------------------+
|1     |multi_driven_nets |      0|        0|Passed |Multi driven nets |
+------+------------------+-------+---------+-------+------------------+
---------------------------------------------------------------------------------
Start Renaming Generated Instances
---------------------------------------------------------------------------------
---------------------------------------------------------------------------------
Finished Renaming Generated Instances : Time (s): cpu = 00:00:46 ; elapsed = 00:03:28 . Memory (MB): peak = 2027.273 ; gain = 669.984 ; free physical = 73825 ; free virtual = 130326
---------------------------------------------------------------------------------

Report RTL Partitions: 
+-+--------------+------------+----------+
| |RTL Partition |Replication |Instances |
+-+--------------+------------+----------+
+-+--------------+------------+----------+
---------------------------------------------------------------------------------
Start Rebuilding User Hierarchy
---------------------------------------------------------------------------------
---------------------------------------------------------------------------------
Finished Rebuilding User Hierarchy : Time (s): cpu = 00:00:46 ; elapsed = 00:03:28 . Memory (MB): peak = 2027.273 ; gain = 669.984 ; free physical = 73825 ; free virtual = 130325
---------------------------------------------------------------------------------
---------------------------------------------------------------------------------
Start Renaming Generated Ports
---------------------------------------------------------------------------------
---------------------------------------------------------------------------------
Finished Renaming Generated Ports : Time (s): cpu = 00:00:46 ; elapsed = 00:03:28 . Memory (MB): peak = 2027.273 ; gain = 669.984 ; free physical = 73825 ; free virtual = 130325
---------------------------------------------------------------------------------
---------------------------------------------------------------------------------
Start Handling Custom Attributes
---------------------------------------------------------------------------------
---------------------------------------------------------------------------------
Finished Handling Custom Attributes : Time (s): cpu = 00:00:46 ; elapsed = 00:03:28 . Memory (MB): peak = 2027.273 ; gain = 669.984 ; free physical = 73825 ; free virtual = 130326
---------------------------------------------------------------------------------
---------------------------------------------------------------------------------
Start Renaming Generated Nets
---------------------------------------------------------------------------------
---------------------------------------------------------------------------------
Finished Renaming Generated Nets : Time (s): cpu = 00:00:46 ; elapsed = 00:03:28 . Memory (MB): peak = 2027.273 ; gain = 669.984 ; free physical = 73825 ; free virtual = 130326
---------------------------------------------------------------------------------
---------------------------------------------------------------------------------
Start Writing Synthesis Report
---------------------------------------------------------------------------------

Report BlackBoxes: 
+-+--------------+----------+
| |BlackBox name |Instances |
+-+--------------+----------+
+-+--------------+----------+

Report Cell Usage: 
+------+-----+------+
|      |Cell |Count |
+------+-----+------+
|1     |LUT1 |     2|
|2     |LUT2 |    15|
|3     |LUT3 |    41|
|4     |LUT4 |    71|
|5     |LUT5 |    12|
|6     |LUT6 |   103|
|7     |FDRE |   137|
|8     |FDSE |     1|
+------+-----+------+

Report Instance Areas: 
+------+-------------------------------------+-----------------------------------------------+------+
|      |Instance                             |Module                                         |Cells |
+------+-------------------------------------+-----------------------------------------------+------+
|1     |top                                  |                                               |   382|
|2     |  inst                               |axi_crossbar_v2_1_18_axi_crossbar              |   382|
|3     |    \gen_sasd.crossbar_sasd_0        |axi_crossbar_v2_1_18_crossbar_sasd             |   382|
|4     |      addr_arbiter_inst              |axi_crossbar_v2_1_18_addr_arbiter_sasd         |   223|
|5     |      \gen_decerr.decerr_slave_inst  |axi_crossbar_v2_1_18_decerr_slave              |    11|
|6     |      reg_slice_r                    |axi_register_slice_v2_1_17_axic_register_slice |   129|
|7     |      splitter_ar                    |axi_crossbar_v2_1_18_splitter__parameterized0  |     5|
|8     |      splitter_aw                    |axi_crossbar_v2_1_18_splitter                  |     6|
+------+-------------------------------------+-----------------------------------------------+------+
---------------------------------------------------------------------------------
Finished Writing Synthesis Report : Time (s): cpu = 00:00:46 ; elapsed = 00:03:28 . Memory (MB): peak = 2027.273 ; gain = 669.984 ; free physical = 73825 ; free virtual = 130326
---------------------------------------------------------------------------------
Synthesis finished with 0 errors, 0 critical warnings and 113 warnings.
Synthesis Optimization Runtime : Time (s): cpu = 00:00:19 ; elapsed = 00:01:04 . Memory (MB): peak = 2027.273 ; gain = 218.629 ; free physical = 73871 ; free virtual = 130372
Synthesis Optimization Complete : Time (s): cpu = 00:00:46 ; elapsed = 00:03:28 . Memory (MB): peak = 2027.273 ; gain = 669.984 ; free physical = 73871 ; free virtual = 130372
INFO: [Project 1-571] Translating synthesized netlist
INFO: [Project 1-570] Preparing netlist for logic optimization
INFO: [Opt 31-138] Pushed 0 inverter(s) to 0 load pin(s).
INFO: [Project 1-111] Unisim Transformation Summary:
No Unisim elements were transformed.

INFO: [Common 17-83] Releasing license: Synthesis
50 Infos, 6 Warnings, 0 Critical Warnings and 0 Errors encountered.
synth_design completed successfully
synth_design: Time (s): cpu = 00:00:48 ; elapsed = 00:03:30 . Memory (MB): peak = 2027.273 ; gain = 687.840 ; free physical = 73829 ; free virtual = 130329
WARNING: [Constraints 18-5210] No constraint will be written out.
INFO: [Common 17-1381] The checkpoint '/home/rrivera/CorrelatorTrigger/TimingDistribution/TimingDistributionClient/ctp7-v7-base-fw/build/ctp7_top/ctp7_top_project.runs/v7_bd_xbar_0_synth_1/v7_bd_xbar_0.dcp' has been generated.
INFO: [Coretcl 2-1482] Added synthesis output to IP cache for IP /home/rrivera/CorrelatorTrigger/TimingDistribution/TimingDistributionClient/ctp7-v7-base-fw/build/ctp7_top/ctp7_top_project.srcs/sources_1/bd/2017/ip/v7_bd_xbar_0/v7_bd_xbar_0.xci
INFO: [Coretcl 2-1174] Renamed 7 cell refs.
WARNING: [Constraints 18-5210] No constraint will be written out.
INFO: [Common 17-1381] The checkpoint '/home/rrivera/CorrelatorTrigger/TimingDistribution/TimingDistributionClient/ctp7-v7-base-fw/build/ctp7_top/ctp7_top_project.runs/v7_bd_xbar_0_synth_1/v7_bd_xbar_0.dcp' has been generated.
INFO: [runtcl-4] Executing : report_utilization -file v7_bd_xbar_0_utilization_synth.rpt -pb v7_bd_xbar_0_utilization_synth.pb
report_utilization: Time (s): cpu = 00:00:00.53 ; elapsed = 00:00:00.59 . Memory (MB): peak = 2051.289 ; gain = 0.000 ; free physical = 73747 ; free virtual = 130248
INFO: [Common 17-206] Exiting Vivado at Tue Nov 27 12:38:44 2018...
