#-----------------------------------------------------------
# Vivado v2018.2 (64-bit)
# SW Build 2258646 on Thu Jun 14 20:02:38 MDT 2018
# IP Build 2256618 on Thu Jun 14 22:10:49 MDT 2018
# Start of session at: Tue Nov 27 13:38:05 2018
# Process ID: 10370
# Current directory: /home/rrivera/CorrelatorTrigger/TimingDistribution/TimingDistributionClient/ctp7-v7-base-fw/build/ctp7_top
# Command line: vivado -mode batch -source /home/rrivera/CorrelatorTrigger/TimingDistribution/TimingDistributionClient/ctp7-v7-base-fw/submodules/ruckus/vivado_sources.tcl
# Log file: /home/rrivera/CorrelatorTrigger/TimingDistribution/TimingDistributionClient/ctp7-v7-base-fw/build/ctp7_top/vivado.log
# Journal file: /home/rrivera/CorrelatorTrigger/TimingDistribution/TimingDistributionClient/ctp7-v7-base-fw/build/ctp7_top/vivado.jou
#-----------------------------------------------------------
source /home/rrivera/CorrelatorTrigger/TimingDistribution/TimingDistributionClient/ctp7-v7-base-fw/submodules/ruckus/vivado_sources.tcl
# source -quiet $::env(RUCKUS_DIR)/vivado_env_var.tcl
# source -quiet $::env(RUCKUS_DIR)/vivado_proc.tcl
# CheckWritePermission
# CheckGitVersion
# if { [file exists ${IMAGES_DIR}] != 1 } {   
#    exec mkdir ${IMAGES_DIR}
# }
# open_project -quiet ${VIVADO_PROJECT}
# binary scan [encoding convertto ascii $::env(BUILD_STRING)] c* bstrAsic
# set buildString ""
# foreach decChar ${bstrAsic} {
#    set hexChar [format %02X ${decChar}]
#    set buildString ${buildString}${hexChar}
# }
# for {set n [string bytelength ${buildString}]} {$n < 512} {incr n} {
#    set padding "0"
#    set buildString ${buildString}${padding}
# }
# scan ${PRJ_VERSION} %x decVer
# set fwVersion [format %08X ${decVer}]
# set gitHash $::env(GIT_HASH_LONG)
# while { [string bytelength $gitHash] != 40 } {
#    set gitHash "0${gitHash}"
# }
# set buildInfo "BUILD_INFO_G=2240'h${gitHash}${fwVersion}${buildString}"
# set_property generic ${buildInfo} -objects [current_fileset]
# set pathToPkg "${OUT_DIR}/${VIVADO_PROJECT}.srcs/BuildInfoPkg.vhd"
# exec mkdir -p ${OUT_DIR}/${VIVADO_PROJECT}.srcs
# set out [open ${pathToPkg} w]
# puts ${out} "library ieee;" 
# puts ${out} "use ieee.std_logic_1164.all;" 
# puts ${out} "use work.StdRtlPkg.all;" 
# puts ${out} "package BuildInfoPkg is" 
# puts ${out} "constant BUILD_INFO_C : BuildInfoType :=x\"${gitHash}${fwVersion}${buildString}\";"
# puts ${out} "end BuildInfoPkg;" 
# close ${out}
# loadSource -path ${pathToPkg} 
# set pathToLog "${OUT_DIR}/${VIVADO_PROJECT}.srcs/BuildInfo.log"
# if { [expr [file exists ${pathToLog}]] == 0 } {
#    reset_run synth_1
# } else {
#    
#    # Get the previous build info
#    set in [open ${pathToLog} r]
#    gets ${in} oldGitHash
#    gets ${in} oldFwVersion
#    close ${in}
#   
#    # Compare the old to current
#    if { ${oldGitHash}   != ${gitHash} ||
#         ${oldFwVersion} != ${fwVersion}} {
#       reset_run synth_1
#    }
# }
# set out [open ${pathToLog} w]   
# puts ${out} ${gitHash}   
# puts ${out} ${fwVersion}   
# close ${out}
# set_property top ${PROJECT} [current_fileset]
# set ::DIR_PATH ""
# set ::DIR_LIST ""
# set ::IP_LIST  ""
# set ::IP_FILES ""
# set ::BD_FILES ""
# loadRuckusTcl ${PROJ_DIR}
loadRuckusTcl: /home/rrivera/CorrelatorTrigger/TimingDistribution/TimingDistributionClient/ctp7-v7-base-fw/firmware 
loadRuckusTcl: /home/rrivera/CorrelatorTrigger/TimingDistribution/TimingDistributionClient/ctp7-v7-base-fw/submodules/surf/ 
loadRuckusTcl: /home/rrivera/CorrelatorTrigger/TimingDistribution/TimingDistributionClient/ctp7-v7-base-fw/submodules/surf//axi 
loadRuckusTcl: /home/rrivera/CorrelatorTrigger/TimingDistribution/TimingDistributionClient/ctp7-v7-base-fw/submodules/surf//axi/axi4 
loadRuckusTcl: /home/rrivera/CorrelatorTrigger/TimingDistribution/TimingDistributionClient/ctp7-v7-base-fw/submodules/surf//axi/axi-lite 
loadRuckusTcl: /home/rrivera/CorrelatorTrigger/TimingDistribution/TimingDistributionClient/ctp7-v7-base-fw/submodules/surf//axi/axi-stream 
loadRuckusTcl: /home/rrivera/CorrelatorTrigger/TimingDistribution/TimingDistributionClient/ctp7-v7-base-fw/submodules/surf//axi/bridge 
loadRuckusTcl: /home/rrivera/CorrelatorTrigger/TimingDistribution/TimingDistributionClient/ctp7-v7-base-fw/submodules/surf//axi/dma 
loadRuckusTcl: /home/rrivera/CorrelatorTrigger/TimingDistribution/TimingDistributionClient/ctp7-v7-base-fw/submodules/surf//base 
loadRuckusTcl: /home/rrivera/CorrelatorTrigger/TimingDistribution/TimingDistributionClient/ctp7-v7-base-fw/submodules/surf//base/fifo 
loadRuckusTcl: /home/rrivera/CorrelatorTrigger/TimingDistribution/TimingDistributionClient/ctp7-v7-base-fw/submodules/surf//base/general 
loadRuckusTcl: /home/rrivera/CorrelatorTrigger/TimingDistribution/TimingDistributionClient/ctp7-v7-base-fw/submodules/surf//base/ram 
loadRuckusTcl: /home/rrivera/CorrelatorTrigger/TimingDistribution/TimingDistributionClient/ctp7-v7-base-fw/submodules/surf//base/sync 
loadRuckusTcl: /home/rrivera/CorrelatorTrigger/TimingDistribution/TimingDistributionClient/ctp7-v7-base-fw/submodules/surf//dsp 
loadRuckusTcl: /home/rrivera/CorrelatorTrigger/TimingDistribution/TimingDistributionClient/ctp7-v7-base-fw/submodules/surf//devices 
loadRuckusTcl: /home/rrivera/CorrelatorTrigger/TimingDistribution/TimingDistributionClient/ctp7-v7-base-fw/submodules/surf//devices/AnalogDevices 
loadRuckusTcl: /home/rrivera/CorrelatorTrigger/TimingDistribution/TimingDistributionClient/ctp7-v7-base-fw/submodules/surf//devices/AnalogDevices/ad5780 
loadRuckusTcl: /home/rrivera/CorrelatorTrigger/TimingDistribution/TimingDistributionClient/ctp7-v7-base-fw/submodules/surf//devices/AnalogDevices/ad9249 
loadRuckusTcl: /home/rrivera/CorrelatorTrigger/TimingDistribution/TimingDistributionClient/ctp7-v7-base-fw/submodules/surf//devices/AnalogDevices/ad9249/7Series 
loadRuckusTcl: /home/rrivera/CorrelatorTrigger/TimingDistribution/TimingDistributionClient/ctp7-v7-base-fw/submodules/surf//devices/AnalogDevices/ad9467 
loadRuckusTcl: /home/rrivera/CorrelatorTrigger/TimingDistribution/TimingDistributionClient/ctp7-v7-base-fw/submodules/surf//devices/AnalogDevices/general 
loadRuckusTcl: /home/rrivera/CorrelatorTrigger/TimingDistribution/TimingDistributionClient/ctp7-v7-base-fw/submodules/surf//devices/Linear 
loadRuckusTcl: /home/rrivera/CorrelatorTrigger/TimingDistribution/TimingDistributionClient/ctp7-v7-base-fw/submodules/surf//devices/Linear/lct2270 
loadRuckusTcl: /home/rrivera/CorrelatorTrigger/TimingDistribution/TimingDistributionClient/ctp7-v7-base-fw/submodules/surf//devices/Microchip 
loadRuckusTcl: /home/rrivera/CorrelatorTrigger/TimingDistribution/TimingDistributionClient/ctp7-v7-base-fw/submodules/surf//devices/Microchip/sy56040 
loadRuckusTcl: /home/rrivera/CorrelatorTrigger/TimingDistribution/TimingDistributionClient/ctp7-v7-base-fw/submodules/surf//devices/Micron 
loadRuckusTcl: /home/rrivera/CorrelatorTrigger/TimingDistribution/TimingDistributionClient/ctp7-v7-base-fw/submodules/surf//devices/Micron/ddr3 
loadRuckusTcl: /home/rrivera/CorrelatorTrigger/TimingDistribution/TimingDistributionClient/ctp7-v7-base-fw/submodules/surf//devices/Micron/ddr4 
loadRuckusTcl: /home/rrivera/CorrelatorTrigger/TimingDistribution/TimingDistributionClient/ctp7-v7-base-fw/submodules/surf//devices/Micron/mt28ew 
loadRuckusTcl: /home/rrivera/CorrelatorTrigger/TimingDistribution/TimingDistributionClient/ctp7-v7-base-fw/submodules/surf//devices/Micron/n25q 
loadRuckusTcl: /home/rrivera/CorrelatorTrigger/TimingDistribution/TimingDistributionClient/ctp7-v7-base-fw/submodules/surf//devices/Micron/p30 
loadRuckusTcl: /home/rrivera/CorrelatorTrigger/TimingDistribution/TimingDistributionClient/ctp7-v7-base-fw/submodules/surf//devices/Silabs 
loadRuckusTcl: /home/rrivera/CorrelatorTrigger/TimingDistribution/TimingDistributionClient/ctp7-v7-base-fw/submodules/surf//devices/Silabs/si5345 
loadRuckusTcl: /home/rrivera/CorrelatorTrigger/TimingDistribution/TimingDistributionClient/ctp7-v7-base-fw/submodules/surf//devices/Ti 
loadRuckusTcl: /home/rrivera/CorrelatorTrigger/TimingDistribution/TimingDistributionClient/ctp7-v7-base-fw/submodules/surf//devices/Ti/adc32rf45 
loadRuckusTcl: /home/rrivera/CorrelatorTrigger/TimingDistribution/TimingDistributionClient/ctp7-v7-base-fw/submodules/surf//devices/Ti/ads42lb69 
loadRuckusTcl: /home/rrivera/CorrelatorTrigger/TimingDistribution/TimingDistributionClient/ctp7-v7-base-fw/submodules/surf//devices/Ti/ads54j60 
loadRuckusTcl: /home/rrivera/CorrelatorTrigger/TimingDistribution/TimingDistributionClient/ctp7-v7-base-fw/submodules/surf//devices/Ti/dac7654 
loadRuckusTcl: /home/rrivera/CorrelatorTrigger/TimingDistribution/TimingDistributionClient/ctp7-v7-base-fw/submodules/surf//devices/transceivers 
loadRuckusTcl: /home/rrivera/CorrelatorTrigger/TimingDistribution/TimingDistributionClient/ctp7-v7-base-fw/submodules/surf//devices/Xilinx 
loadRuckusTcl: /home/rrivera/CorrelatorTrigger/TimingDistribution/TimingDistributionClient/ctp7-v7-base-fw/submodules/surf//devices/Xilinx/xcf128 
loadRuckusTcl: /home/rrivera/CorrelatorTrigger/TimingDistribution/TimingDistributionClient/ctp7-v7-base-fw/submodules/surf//ethernet 
loadRuckusTcl: /home/rrivera/CorrelatorTrigger/TimingDistribution/TimingDistributionClient/ctp7-v7-base-fw/submodules/surf//ethernet/EthMacCore 
loadRuckusTcl: /home/rrivera/CorrelatorTrigger/TimingDistribution/TimingDistributionClient/ctp7-v7-base-fw/submodules/surf//ethernet/GigEthCore 
loadRuckusTcl: /home/rrivera/CorrelatorTrigger/TimingDistribution/TimingDistributionClient/ctp7-v7-base-fw/submodules/surf//ethernet/GigEthCore/core 
loadRuckusTcl: /home/rrivera/CorrelatorTrigger/TimingDistribution/TimingDistributionClient/ctp7-v7-base-fw/submodules/surf//ethernet/GigEthCore/gth7 
loadRuckusTcl: /home/rrivera/CorrelatorTrigger/TimingDistribution/TimingDistributionClient/ctp7-v7-base-fw/submodules/surf//ethernet/IpV4Engine 
loadRuckusTcl: /home/rrivera/CorrelatorTrigger/TimingDistribution/TimingDistributionClient/ctp7-v7-base-fw/submodules/surf//ethernet/RawEthFramer 
loadRuckusTcl: /home/rrivera/CorrelatorTrigger/TimingDistribution/TimingDistributionClient/ctp7-v7-base-fw/submodules/surf//ethernet/TenGigEthCore 
loadRuckusTcl: /home/rrivera/CorrelatorTrigger/TimingDistribution/TimingDistributionClient/ctp7-v7-base-fw/submodules/surf//ethernet/TenGigEthCore/core 
loadRuckusTcl: /home/rrivera/CorrelatorTrigger/TimingDistribution/TimingDistributionClient/ctp7-v7-base-fw/submodules/surf//ethernet/TenGigEthCore/gth7 
loadRuckusTcl: /home/rrivera/CorrelatorTrigger/TimingDistribution/TimingDistributionClient/ctp7-v7-base-fw/submodules/surf//ethernet/UdpEngine 
loadRuckusTcl: /home/rrivera/CorrelatorTrigger/TimingDistribution/TimingDistributionClient/ctp7-v7-base-fw/submodules/surf//ethernet/XauiCore 
loadRuckusTcl: /home/rrivera/CorrelatorTrigger/TimingDistribution/TimingDistributionClient/ctp7-v7-base-fw/submodules/surf//ethernet/XauiCore/core 
loadRuckusTcl: /home/rrivera/CorrelatorTrigger/TimingDistribution/TimingDistributionClient/ctp7-v7-base-fw/submodules/surf//ethernet/XauiCore/gth7 
loadRuckusTcl: /home/rrivera/CorrelatorTrigger/TimingDistribution/TimingDistributionClient/ctp7-v7-base-fw/submodules/surf//ethernet/XlauiCore 
loadRuckusTcl: /home/rrivera/CorrelatorTrigger/TimingDistribution/TimingDistributionClient/ctp7-v7-base-fw/submodules/surf//ethernet/XlauiCore/core 
loadRuckusTcl: /home/rrivera/CorrelatorTrigger/TimingDistribution/TimingDistributionClient/ctp7-v7-base-fw/submodules/surf//ethernet/XlauiCore/gth7 
loadRuckusTcl: /home/rrivera/CorrelatorTrigger/TimingDistribution/TimingDistributionClient/ctp7-v7-base-fw/submodules/surf//protocols 
loadRuckusTcl: /home/rrivera/CorrelatorTrigger/TimingDistribution/TimingDistributionClient/ctp7-v7-base-fw/submodules/surf//protocols/batcher 
loadRuckusTcl: /home/rrivera/CorrelatorTrigger/TimingDistribution/TimingDistributionClient/ctp7-v7-base-fw/submodules/surf//protocols/clink 
loadRuckusTcl: /home/rrivera/CorrelatorTrigger/TimingDistribution/TimingDistributionClient/ctp7-v7-base-fw/submodules/surf//protocols/glink 
loadRuckusTcl: /home/rrivera/CorrelatorTrigger/TimingDistribution/TimingDistributionClient/ctp7-v7-base-fw/submodules/surf//protocols/glink/core 
loadRuckusTcl: /home/rrivera/CorrelatorTrigger/TimingDistribution/TimingDistributionClient/ctp7-v7-base-fw/submodules/surf//protocols/i2c 
loadRuckusTcl: /home/rrivera/CorrelatorTrigger/TimingDistribution/TimingDistributionClient/ctp7-v7-base-fw/submodules/surf//protocols/jesd204b 
loadRuckusTcl: /home/rrivera/CorrelatorTrigger/TimingDistribution/TimingDistributionClient/ctp7-v7-base-fw/submodules/surf//protocols/jtag 
loadRuckusTcl: /home/rrivera/CorrelatorTrigger/TimingDistribution/TimingDistributionClient/ctp7-v7-base-fw/submodules/surf//protocols/mdio 
loadRuckusTcl: /home/rrivera/CorrelatorTrigger/TimingDistribution/TimingDistributionClient/ctp7-v7-base-fw/submodules/surf//protocols/packetizer 
loadRuckusTcl: /home/rrivera/CorrelatorTrigger/TimingDistribution/TimingDistributionClient/ctp7-v7-base-fw/submodules/surf//protocols/pgp 
loadRuckusTcl: /home/rrivera/CorrelatorTrigger/TimingDistribution/TimingDistributionClient/ctp7-v7-base-fw/submodules/surf//protocols/pgp/pgp2b 
loadRuckusTcl: /home/rrivera/CorrelatorTrigger/TimingDistribution/TimingDistributionClient/ctp7-v7-base-fw/submodules/surf//protocols/pgp/pgp2b/core 
loadRuckusTcl: /home/rrivera/CorrelatorTrigger/TimingDistribution/TimingDistributionClient/ctp7-v7-base-fw/submodules/surf//protocols/pgp/pgp2b/gth7 
loadRuckusTcl: /home/rrivera/CorrelatorTrigger/TimingDistribution/TimingDistributionClient/ctp7-v7-base-fw/submodules/surf//protocols/pgp/pgp3 
loadRuckusTcl: /home/rrivera/CorrelatorTrigger/TimingDistribution/TimingDistributionClient/ctp7-v7-base-fw/submodules/surf//protocols/pgp/pgp3/core 
loadRuckusTcl: /home/rrivera/CorrelatorTrigger/TimingDistribution/TimingDistributionClient/ctp7-v7-base-fw/submodules/surf//protocols/rssi 
loadRuckusTcl: /home/rrivera/CorrelatorTrigger/TimingDistribution/TimingDistributionClient/ctp7-v7-base-fw/submodules/surf//protocols/saci 
loadRuckusTcl: /home/rrivera/CorrelatorTrigger/TimingDistribution/TimingDistributionClient/ctp7-v7-base-fw/submodules/surf//protocols/salt 
loadRuckusTcl: /home/rrivera/CorrelatorTrigger/TimingDistribution/TimingDistributionClient/ctp7-v7-base-fw/submodules/surf//protocols/salt/core 
loadRuckusTcl: /home/rrivera/CorrelatorTrigger/TimingDistribution/TimingDistributionClient/ctp7-v7-base-fw/submodules/surf//protocols/salt/xilinx7 
loadRuckusTcl: /home/rrivera/CorrelatorTrigger/TimingDistribution/TimingDistributionClient/ctp7-v7-base-fw/submodules/surf//protocols/spi 
loadRuckusTcl: /home/rrivera/CorrelatorTrigger/TimingDistribution/TimingDistributionClient/ctp7-v7-base-fw/submodules/surf//protocols/srp 
loadRuckusTcl: /home/rrivera/CorrelatorTrigger/TimingDistribution/TimingDistributionClient/ctp7-v7-base-fw/submodules/surf//protocols/ssi 
loadRuckusTcl: /home/rrivera/CorrelatorTrigger/TimingDistribution/TimingDistributionClient/ctp7-v7-base-fw/submodules/surf//protocols/ssp 
loadRuckusTcl: /home/rrivera/CorrelatorTrigger/TimingDistribution/TimingDistributionClient/ctp7-v7-base-fw/submodules/surf//protocols/uart 
loadRuckusTcl: /home/rrivera/CorrelatorTrigger/TimingDistribution/TimingDistributionClient/ctp7-v7-base-fw/submodules/surf//xilinx 
loadRuckusTcl: /home/rrivera/CorrelatorTrigger/TimingDistribution/TimingDistributionClient/ctp7-v7-base-fw/submodules/surf//xilinx/general 
loadRuckusTcl: /home/rrivera/CorrelatorTrigger/TimingDistribution/TimingDistributionClient/ctp7-v7-base-fw/submodules/surf//xilinx/general/microblaze 
loadRuckusTcl: /home/rrivera/CorrelatorTrigger/TimingDistribution/TimingDistributionClient/ctp7-v7-base-fw/submodules/surf//xilinx/7Series 
loadRuckusTcl: /home/rrivera/CorrelatorTrigger/TimingDistribution/TimingDistributionClient/ctp7-v7-base-fw/submodules/surf//xilinx/7Series/general 
loadRuckusTcl: /home/rrivera/CorrelatorTrigger/TimingDistribution/TimingDistributionClient/ctp7-v7-base-fw/submodules/surf//xilinx/7Series/xadc 
loadRuckusTcl: /home/rrivera/CorrelatorTrigger/TimingDistribution/TimingDistributionClient/ctp7-v7-base-fw/submodules/surf//xilinx/7Series/sem 
loadRuckusTcl: /home/rrivera/CorrelatorTrigger/TimingDistribution/TimingDistributionClient/ctp7-v7-base-fw/submodules/surf//xilinx/7Series/gth7 
# if { [get_files -of_objects [get_filesets {sources_1}]] != "" } {
#    set_property PATH_MODE AbsoluteFirst [get_files -of_objects [get_filesets {sources_1}]]
# }
# if { [get_files -of_objects [get_filesets {sim_1}]] != "" } {
#    set_property PATH_MODE AbsoluteFirst [get_files -of_objects [get_filesets {sim_1}]]
# }
# if { [get_files -of_objects [get_filesets {constrs_1}]] != "" } {
#    set_property PATH_MODE AbsoluteFirst [get_files -of_objects [get_filesets {constrs_1}]]
# }
# VivadoRefresh ${VIVADO_PROJECT}
# if { $::IP_LIST != "" } {
#    foreach ipPntr $::IP_LIST {
#       generate_target all [get_ips ${ipPntr}]
#       # Build the IP Core
#       puts "\nUpgrading ${ipPntr}.xci IP Core ..."
#       upgrade_ip [get_ips ${ipPntr}]
#       puts "... Upgrade Complete!\n"
#       # Check if we need to create the IP_run
#       set ipSynthRun ${ipPntr}_synth_1
#       if { [get_runs ${ipSynthRun}] != ${ipSynthRun}} {
#          create_ip_run [get_ips ${ipPntr}]      
#       }
#    }
# }
INFO: [IP_Flow 19-1686] Generating 'Simulation' target for IP 'ttc_mmcm'...
INFO: [IP_Flow 19-1686] Generating 'Change Log' target for IP 'ttc_mmcm'...
WARNING: [Vivado 12-4154] User modified property 'UserDisabled' (with value '1') was detected on '/home/rrivera/CorrelatorTrigger/TimingDistribution/TimingDistributionClient/ctp7-v7-base-fw/build/ctp7_top/ctp7_top_project.srcs/sources_1/ip/ttc_mmcm/ttc_mmcm_board.xdc'.
WARNING: [Vivado 12-4154] User modified property 'UserDisabled' (with value '1') was detected on '/home/rrivera/CorrelatorTrigger/TimingDistribution/TimingDistributionClient/ctp7-v7-base-fw/build/ctp7_top/ctp7_top_project.srcs/sources_1/ip/ttc_mmcm/ttc_mmcm.xdc'.
WARNING: [Vivado 12-4154] User modified property 'UserDisabled' (with value '1') was detected on '/home/rrivera/CorrelatorTrigger/TimingDistribution/TimingDistributionClient/ctp7-v7-base-fw/build/ctp7_top/ctp7_top_project.srcs/sources_1/ip/ttc_mmcm/ttc_mmcm_ooc.xdc'.
WARNING: [Vivado 12-4152] One or more user modified properties were detected. The reset_target command can be used to reset the targets data which will also reset all target properties.

Upgrading ttc_mmcm.xci IP Core ...
WARNING: [Coretcl 2-1042] No IP was identified for upgrade.
... Upgrade Complete!

# VivadoRefresh ${VIVADO_PROJECT}
# SourceTclFile ${VIVADO_DIR}/sources.tcl
# if { $::env(REMOVE_UNUSED_CODE) != 0 } {
#    RemoveUnsuedCode
# }
# exec rm -f {${OUT_DIR}/dirList.txt}
# set dirList [open ${OUT_DIR}/dirList.txt  w]
# if { $::DIR_LIST != "" } {
#    foreach dirPntr $::DIR_LIST {
#       puts ${dirList} ${dirPntr}
#    }
# }
# close ${dirList}
# exec rm -f {${OUT_DIR}/ipList.txt}
# set ipList [open ${OUT_DIR}/ipList.txt  w]
# if { $::IP_FILES != "" } {
#    foreach ipPntr $::IP_FILES {
#       puts ${ipList} ${ipPntr}
#    }
# }
# close ${ipList}
# exec rm -f {${OUT_DIR}/bdList.txt}
# set bdList [open ${OUT_DIR}/bdList.txt  w]
# if { $::BD_FILES != "" } {
#    foreach bdPntr $::BD_FILES {
#       puts ${bdList} ${bdPntr}
#    }
# }
# close ${bdList}
# if { ${RECONFIG_CHECKPOINT} != 0 } {
#    # Set the top-level module as "out_of_context"
#    set_property -name {STEPS.SYNTH_DESIGN.ARGS.MORE OPTIONS} -value {-mode out_of_context} -objects [get_runs synth_1]
# }
# close_project
INFO: [Common 17-206] Exiting Vivado at Tue Nov 27 13:38:22 2018...
