#-----------------------------------------------------------
# Vivado v2018.2 (64-bit)
# SW Build 2258646 on Thu Jun 14 20:02:38 MDT 2018
# IP Build 2256618 on Thu Jun 14 22:10:49 MDT 2018
# Start of session at: Tue Nov 27 12:17:04 2018
# Process ID: 91961
# Current directory: /home/rrivera/CorrelatorTrigger/TimingDistribution/TimingDistributionClient/ctp7-v7-base-fw/build/ctp7_top
# Command line: vivado -mode batch -source /home/rrivera/CorrelatorTrigger/TimingDistribution/TimingDistributionClient/ctp7-v7-base-fw/submodules/ruckus/vivado_sources.tcl
# Log file: /home/rrivera/CorrelatorTrigger/TimingDistribution/TimingDistributionClient/ctp7-v7-base-fw/build/ctp7_top/vivado.log
# Journal file: /home/rrivera/CorrelatorTrigger/TimingDistribution/TimingDistributionClient/ctp7-v7-base-fw/build/ctp7_top/vivado.jou
#-----------------------------------------------------------
source /home/rrivera/CorrelatorTrigger/TimingDistribution/TimingDistributionClient/ctp7-v7-base-fw/submodules/ruckus/vivado_sources.tcl
# source -quiet $::env(RUCKUS_DIR)/vivado_env_var.tcl
# source -quiet $::env(RUCKUS_DIR)/vivado_proc.tcl
# CheckWritePermission
# CheckGitVersion


*********************************************************
Your git version = v1.8.3.1
However, ruckus git version Lock = v2.9.0
Please update this git version v2.9.0 (or later)
*********************************************************


INFO: [Common 17-206] Exiting Vivado at Tue Nov 27 12:17:10 2018...
