INFO: [VRFC 10-2263] Analyzing Verilog file "/home/rrivera/CorrelatorTrigger/TimingDistribution/TimingDistributionClient/ctp7-v7-base-fw/build/ctp7_top/ctp7_top_project.ip_user_files/ip/sync_fifo_gth_40/sim/sync_fifo_gth_40.v" into library xil_defaultlib
INFO: [VRFC 10-311] analyzing module sync_fifo_gth_40
INFO: [VRFC 10-2263] Analyzing Verilog file "/home/rrivera/CorrelatorTrigger/TimingDistribution/TimingDistributionClient/ctp7-v7-base-fw/build/ctp7_top/ctp7_top_project.ip_user_files/ip/xlx_k7v7_rx_dpram/sim/xlx_k7v7_rx_dpram.v" into library xil_defaultlib
INFO: [VRFC 10-311] analyzing module xlx_k7v7_rx_dpram
INFO: [VRFC 10-2263] Analyzing Verilog file "/home/rrivera/CorrelatorTrigger/TimingDistribution/TimingDistributionClient/ctp7-v7-base-fw/build/ctp7_top/ctp7_top_project.ip_user_files/ip/xlx_k7v7_tx_dpram/sim/xlx_k7v7_tx_dpram.v" into library xil_defaultlib
INFO: [VRFC 10-311] analyzing module xlx_k7v7_tx_dpram
INFO: [VRFC 10-2263] Analyzing Verilog file "/home/rrivera/CorrelatorTrigger/TimingDistribution/TimingDistributionClient/ctp7-v7-base-fw/build/ctp7_top/ctp7_top_project.srcs/sources_1/ip/ttc_mmcm/ttc_mmcm_clk_wiz.v" into library xil_defaultlib
INFO: [VRFC 10-311] analyzing module ttc_mmcm_clk_wiz
INFO: [VRFC 10-2263] Analyzing Verilog file "/home/rrivera/CorrelatorTrigger/TimingDistribution/TimingDistributionClient/ctp7-v7-base-fw/build/ctp7_top/ctp7_top_project.srcs/sources_1/ip/ttc_mmcm/ttc_mmcm.v" into library xil_defaultlib
INFO: [VRFC 10-311] analyzing module ttc_mmcm
INFO: [VRFC 10-2263] Analyzing Verilog file "/home/rrivera/CorrelatorTrigger/TimingDistribution/TimingDistributionClient/ctp7-v7-base-fw/build/ctp7_top/ctp7_top_project.srcs/sources_1/bd/2017/ip/v7_bd_axi_chip2chip_0_0/sim/v7_bd_axi_chip2chip_0_0.v" into library xil_defaultlib
INFO: [VRFC 10-311] analyzing module v7_bd_axi_chip2chip_0_0
INFO: [VRFC 10-2263] Analyzing Verilog file "/home/rrivera/CorrelatorTrigger/TimingDistribution/TimingDistributionClient/ctp7-v7-base-fw/build/ctp7_top/ctp7_top_project.srcs/sources_1/bd/2017/ip/v7_bd_clk_wiz_0_0/v7_bd_clk_wiz_0_0_clk_wiz.v" into library xil_defaultlib
INFO: [VRFC 10-311] analyzing module v7_bd_clk_wiz_0_0_clk_wiz
INFO: [VRFC 10-2458] undeclared symbol clk_out1_v7_bd_clk_wiz_0_0_en_clk, assumed default net type wire [/home/rrivera/CorrelatorTrigger/TimingDistribution/TimingDistributionClient/ctp7-v7-base-fw/build/ctp7_top/ctp7_top_project.srcs/sources_1/bd/2017/ip/v7_bd_clk_wiz_0_0/v7_bd_clk_wiz_0_0_clk_wiz.v:221]
INFO: [VRFC 10-2458] undeclared symbol clk_out2_v7_bd_clk_wiz_0_0_en_clk, assumed default net type wire [/home/rrivera/CorrelatorTrigger/TimingDistribution/TimingDistributionClient/ctp7-v7-base-fw/build/ctp7_top/ctp7_top_project.srcs/sources_1/bd/2017/ip/v7_bd_clk_wiz_0_0/v7_bd_clk_wiz_0_0_clk_wiz.v:233]
INFO: [VRFC 10-2458] undeclared symbol clk_out3_v7_bd_clk_wiz_0_0_en_clk, assumed default net type wire [/home/rrivera/CorrelatorTrigger/TimingDistribution/TimingDistributionClient/ctp7-v7-base-fw/build/ctp7_top/ctp7_top_project.srcs/sources_1/bd/2017/ip/v7_bd_clk_wiz_0_0/v7_bd_clk_wiz_0_0_clk_wiz.v:246]
INFO: [VRFC 10-2263] Analyzing Verilog file "/home/rrivera/CorrelatorTrigger/TimingDistribution/TimingDistributionClient/ctp7-v7-base-fw/build/ctp7_top/ctp7_top_project.srcs/sources_1/bd/2017/ip/v7_bd_clk_wiz_0_0/v7_bd_clk_wiz_0_0.v" into library xil_defaultlib
INFO: [VRFC 10-311] analyzing module v7_bd_clk_wiz_0_0
INFO: [VRFC 10-2263] Analyzing Verilog file "/home/rrivera/CorrelatorTrigger/TimingDistribution/TimingDistributionClient/ctp7-v7-base-fw/build/ctp7_top/ctp7_top_project.srcs/sources_1/bd/2017/ip/v7_bd_xbar_0/sim/v7_bd_xbar_0.v" into library xil_defaultlib
INFO: [VRFC 10-311] analyzing module v7_bd_xbar_0
INFO: [VRFC 10-2263] Analyzing Verilog file "/home/rrivera/CorrelatorTrigger/TimingDistribution/TimingDistributionClient/ctp7-v7-base-fw/build/ctp7_top/ctp7_top_project.srcs/sources_1/bd/2017/ip/v7_bd_auto_pc_0/sim/v7_bd_auto_pc_0.v" into library xil_defaultlib
INFO: [VRFC 10-311] analyzing module v7_bd_auto_pc_0
INFO: [VRFC 10-2263] Analyzing Verilog file "/home/rrivera/CorrelatorTrigger/TimingDistribution/TimingDistributionClient/ctp7-v7-base-fw/build/ctp7_top/ctp7_top_project.sim/sim_1/behav/xsim/glbl.v" into library xil_defaultlib
INFO: [VRFC 10-311] analyzing module glbl
INFO: [VRFC 10-163] Analyzing VHDL file "/home/rrivera/CorrelatorTrigger/TimingDistribution/TimingDistributionClient/ctp7-v7-base-fw/build/ctp7_top/ctp7_top_project.srcs/sources_1/bd/2017/ip/v7_bd_proc_sys_reset_0_0/sim/v7_bd_proc_sys_reset_0_0.vhd" into library xil_defaultlib
INFO: [VRFC 10-307] analyzing entity v7_bd_proc_sys_reset_0_0
INFO: [VRFC 10-163] Analyzing VHDL file "/home/rrivera/CorrelatorTrigger/TimingDistribution/TimingDistributionClient/ctp7-v7-base-fw/build/ctp7_top/ctp7_top_project.srcs/sources_1/bd/2017/ip/v7_bd_xadc_wiz_0_0/proc_common_v3_30_a/hdl/src/vhdl/v7_bd_xadc_wiz_0_0_conv_funs_pkg.vhd" into library xil_defaultlib
INFO: [VRFC 10-163] Analyzing VHDL file "/home/rrivera/CorrelatorTrigger/TimingDistribution/TimingDistributionClient/ctp7-v7-base-fw/build/ctp7_top/ctp7_top_project.srcs/sources_1/bd/2017/ip/v7_bd_xadc_wiz_0_0/proc_common_v3_30_a/hdl/src/vhdl/v7_bd_xadc_wiz_0_0_proc_common_pkg.vhd" into library xil_defaultlib
INFO: [VRFC 10-163] Analyzing VHDL file "/home/rrivera/CorrelatorTrigger/TimingDistribution/TimingDistributionClient/ctp7-v7-base-fw/build/ctp7_top/ctp7_top_project.srcs/sources_1/bd/2017/ip/v7_bd_xadc_wiz_0_0/proc_common_v3_30_a/hdl/src/vhdl/v7_bd_xadc_wiz_0_0_ipif_pkg.vhd" into library xil_defaultlib
INFO: [VRFC 10-163] Analyzing VHDL file "/home/rrivera/CorrelatorTrigger/TimingDistribution/TimingDistributionClient/ctp7-v7-base-fw/build/ctp7_top/ctp7_top_project.srcs/sources_1/bd/2017/ip/v7_bd_xadc_wiz_0_0/proc_common_v3_30_a/hdl/src/vhdl/v7_bd_xadc_wiz_0_0_family_support.vhd" into library xil_defaultlib
INFO: [VRFC 10-163] Analyzing VHDL file "/home/rrivera/CorrelatorTrigger/TimingDistribution/TimingDistributionClient/ctp7-v7-base-fw/build/ctp7_top/ctp7_top_project.srcs/sources_1/bd/2017/ip/v7_bd_xadc_wiz_0_0/proc_common_v3_30_a/hdl/src/vhdl/v7_bd_xadc_wiz_0_0_family.vhd" into library xil_defaultlib
INFO: [VRFC 10-163] Analyzing VHDL file "/home/rrivera/CorrelatorTrigger/TimingDistribution/TimingDistributionClient/ctp7-v7-base-fw/build/ctp7_top/ctp7_top_project.srcs/sources_1/bd/2017/ip/v7_bd_xadc_wiz_0_0/proc_common_v3_30_a/hdl/src/vhdl/v7_bd_xadc_wiz_0_0_soft_reset.vhd" into library xil_defaultlib
INFO: [VRFC 10-307] analyzing entity v7_bd_xadc_wiz_0_0_soft_reset
INFO: [VRFC 10-163] Analyzing VHDL file "/home/rrivera/CorrelatorTrigger/TimingDistribution/TimingDistributionClient/ctp7-v7-base-fw/build/ctp7_top/ctp7_top_project.srcs/sources_1/bd/2017/ip/v7_bd_xadc_wiz_0_0/proc_common_v3_30_a/hdl/src/vhdl/v7_bd_xadc_wiz_0_0_pselect_f.vhd" into library xil_defaultlib
INFO: [VRFC 10-307] analyzing entity v7_bd_xadc_wiz_0_0_pselect_f
INFO: [VRFC 10-163] Analyzing VHDL file "/home/rrivera/CorrelatorTrigger/TimingDistribution/TimingDistributionClient/ctp7-v7-base-fw/build/ctp7_top/ctp7_top_project.srcs/sources_1/bd/2017/ip/v7_bd_xadc_wiz_0_0/axi_lite_ipif_v1_01_a/hdl/src/vhdl/v7_bd_xadc_wiz_0_0_address_decoder.vhd" into library xil_defaultlib
INFO: [VRFC 10-307] analyzing entity v7_bd_xadc_wiz_0_0_address_decoder
INFO: [VRFC 10-163] Analyzing VHDL file "/home/rrivera/CorrelatorTrigger/TimingDistribution/TimingDistributionClient/ctp7-v7-base-fw/build/ctp7_top/ctp7_top_project.srcs/sources_1/bd/2017/ip/v7_bd_xadc_wiz_0_0/axi_lite_ipif_v1_01_a/hdl/src/vhdl/v7_bd_xadc_wiz_0_0_slave_attachment.vhd" into library xil_defaultlib
INFO: [VRFC 10-307] analyzing entity v7_bd_xadc_wiz_0_0_slave_attachment
INFO: [VRFC 10-163] Analyzing VHDL file "/home/rrivera/CorrelatorTrigger/TimingDistribution/TimingDistributionClient/ctp7-v7-base-fw/build/ctp7_top/ctp7_top_project.srcs/sources_1/bd/2017/ip/v7_bd_xadc_wiz_0_0/interrupt_control_v2_01_a/hdl/src/vhdl/v7_bd_xadc_wiz_0_0_interrupt_control.vhd" into library xil_defaultlib
INFO: [VRFC 10-307] analyzing entity v7_bd_xadc_wiz_0_0_interrupt_control
INFO: [VRFC 10-163] Analyzing VHDL file "/home/rrivera/CorrelatorTrigger/TimingDistribution/TimingDistributionClient/ctp7-v7-base-fw/build/ctp7_top/ctp7_top_project.srcs/sources_1/bd/2017/ip/v7_bd_xadc_wiz_0_0/axi_lite_ipif_v1_01_a/hdl/src/vhdl/v7_bd_xadc_wiz_0_0_axi_lite_ipif.vhd" into library xil_defaultlib
INFO: [VRFC 10-307] analyzing entity v7_bd_xadc_wiz_0_0_axi_lite_ipif
INFO: [VRFC 10-163] Analyzing VHDL file "/home/rrivera/CorrelatorTrigger/TimingDistribution/TimingDistributionClient/ctp7-v7-base-fw/build/ctp7_top/ctp7_top_project.srcs/sources_1/bd/2017/ip/v7_bd_xadc_wiz_0_0/v7_bd_xadc_wiz_0_0_xadc_core_drp.vhd" into library xil_defaultlib
INFO: [VRFC 10-307] analyzing entity v7_bd_xadc_wiz_0_0_xadc_core_drp
INFO: [VRFC 10-163] Analyzing VHDL file "/home/rrivera/CorrelatorTrigger/TimingDistribution/TimingDistributionClient/ctp7-v7-base-fw/build/ctp7_top/ctp7_top_project.srcs/sources_1/bd/2017/ip/v7_bd_xadc_wiz_0_0/v7_bd_xadc_wiz_0_0_axi_xadc.vhd" into library xil_defaultlib
INFO: [VRFC 10-307] analyzing entity v7_bd_xadc_wiz_0_0_axi_xadc
INFO: [VRFC 10-163] Analyzing VHDL file "/home/rrivera/CorrelatorTrigger/TimingDistribution/TimingDistributionClient/ctp7-v7-base-fw/build/ctp7_top/ctp7_top_project.srcs/sources_1/bd/2017/ip/v7_bd_xadc_wiz_0_0/v7_bd_xadc_wiz_0_0.vhd" into library xil_defaultlib
INFO: [VRFC 10-307] analyzing entity v7_bd_xadc_wiz_0_0
INFO: [VRFC 10-163] Analyzing VHDL file "/home/rrivera/CorrelatorTrigger/TimingDistribution/TimingDistributionClient/ctp7-v7-base-fw/build/ctp7_top/ctp7_top_project.srcs/sources_1/bd/2017/sim/v7_bd.vhd" into library xil_defaultlib
INFO: [VRFC 10-307] analyzing entity m00_couplers_imp_ZECGR5
INFO: [VRFC 10-307] analyzing entity m01_couplers_imp_1J24L6H
INFO: [VRFC 10-307] analyzing entity s00_couplers_imp_BMC27U
INFO: [VRFC 10-307] analyzing entity s01_couplers_imp_13ZEY8I
INFO: [VRFC 10-307] analyzing entity v7_bd_axi_interconnect_0_0
INFO: [VRFC 10-307] analyzing entity v7_bd
INFO: [VRFC 10-163] Analyzing VHDL file "/home/rrivera/CorrelatorTrigger/TimingDistribution/TimingDistributionClient/ctp7-v7-base-fw/submodules/surf/base/general/rtl/StdRtlPkg.vhd" into library xil_defaultlib
INFO: [VRFC 10-163] Analyzing VHDL file "/home/rrivera/CorrelatorTrigger/TimingDistribution/TimingDistributionClient/ctp7-v7-base-fw/submodules/surf/base/general/rtl/ArbiterPkg.vhd" into library xil_defaultlib
INFO: [VRFC 10-163] Analyzing VHDL file "/home/rrivera/CorrelatorTrigger/TimingDistribution/TimingDistributionClient/ctp7-v7-base-fw/submodules/surf/base/general/rtl/TextUtilPkg.vhd" into library xil_defaultlib
INFO: [VRFC 10-163] Analyzing VHDL file "/home/rrivera/CorrelatorTrigger/TimingDistribution/TimingDistributionClient/ctp7-v7-base-fw/submodules/surf/axi/axi-lite/rtl/AxiLitePkg.vhd" into library xil_defaultlib
INFO: [VRFC 10-163] Analyzing VHDL file "/home/rrivera/CorrelatorTrigger/TimingDistribution/TimingDistributionClient/ctp7-v7-base-fw/submodules/surf/axi/axi-lite/rtl/AxiLiteCrossbar.vhd" into library xil_defaultlib
INFO: [VRFC 10-307] analyzing entity AxiLiteCrossbar
INFO: [VRFC 10-163] Analyzing VHDL file "/home/rrivera/CorrelatorTrigger/TimingDistribution/TimingDistributionClient/ctp7-v7-base-fw/submodules/surf/xilinx/general/rtl/DeviceDna.vhd" into library xil_defaultlib
INFO: [VRFC 10-307] analyzing entity DeviceDna
INFO: [VRFC 10-163] Analyzing VHDL file "/home/rrivera/CorrelatorTrigger/TimingDistribution/TimingDistributionClient/ctp7-v7-base-fw/submodules/surf/base/general/rtl/DS2411Core.vhd" into library xil_defaultlib
INFO: [VRFC 10-307] analyzing entity DS2411Core
INFO: [VRFC 10-163] Analyzing VHDL file "/home/rrivera/CorrelatorTrigger/TimingDistribution/TimingDistributionClient/ctp7-v7-base-fw/submodules/surf/xilinx/general/rtl/Iprog.vhd" into library xil_defaultlib
INFO: [VRFC 10-307] analyzing entity Iprog
INFO: [VRFC 10-163] Analyzing VHDL file "/home/rrivera/CorrelatorTrigger/TimingDistribution/TimingDistributionClient/ctp7-v7-base-fw/submodules/surf/axi/axi-lite/rtl/AxiVersion.vhd" into library xil_defaultlib
INFO: [VRFC 10-307] analyzing entity AxiVersion
INFO: [VRFC 10-163] Analyzing VHDL file "/home/rrivera/CorrelatorTrigger/TimingDistribution/TimingDistributionClient/ctp7-v7-base-fw/submodules/surf/base/sync/rtl/Synchronizer.vhd" into library xil_defaultlib
INFO: [VRFC 10-307] analyzing entity Synchronizer
INFO: [VRFC 10-163] Analyzing VHDL file "/home/rrivera/CorrelatorTrigger/TimingDistribution/TimingDistributionClient/ctp7-v7-base-fw/submodules/surf/base/sync/rtl/RstSync.vhd" into library xil_defaultlib
INFO: [VRFC 10-307] analyzing entity RstSync
INFO: [VRFC 10-163] Analyzing VHDL file "/home/rrivera/CorrelatorTrigger/TimingDistribution/TimingDistributionClient/ctp7-v7-base-fw/submodules/surf/base/sync/rtl/SynchronizerVector.vhd" into library xil_defaultlib
INFO: [VRFC 10-307] analyzing entity SynchronizerVector
INFO: [VRFC 10-163] Analyzing VHDL file "/home/rrivera/CorrelatorTrigger/TimingDistribution/TimingDistributionClient/ctp7-v7-base-fw/submodules/surf/xilinx/7Series/general/rtl/DeviceDna7Series.vhd" into library xil_defaultlib
INFO: [VRFC 10-307] analyzing entity DeviceDna7Series
INFO: [VRFC 10-163] Analyzing VHDL file "/home/rrivera/CorrelatorTrigger/TimingDistribution/TimingDistributionClient/ctp7-v7-base-fw/submodules/surf/base/fifo/rtl/FifoOutputPipeline.vhd" into library xil_defaultlib
INFO: [VRFC 10-307] analyzing entity FifoOutputPipeline
INFO: [VRFC 10-163] Analyzing VHDL file "/home/rrivera/CorrelatorTrigger/TimingDistribution/TimingDistributionClient/ctp7-v7-base-fw/submodules/surf/base/ram/inferred/SimpleDualPortRam.vhd" into library xil_defaultlib
INFO: [VRFC 10-307] analyzing entity SimpleDualPortRam
INFO: [VRFC 10-163] Analyzing VHDL file "/home/rrivera/CorrelatorTrigger/TimingDistribution/TimingDistributionClient/ctp7-v7-base-fw/submodules/surf/base/fifo/rtl/FifoAsync.vhd" into library xil_defaultlib
INFO: [VRFC 10-307] analyzing entity FifoAsync
INFO: [VRFC 10-163] Analyzing VHDL file "/home/rrivera/CorrelatorTrigger/TimingDistribution/TimingDistributionClient/ctp7-v7-base-fw/submodules/surf/base/sync/rtl/SynchronizerEdge.vhd" into library xil_defaultlib
INFO: [VRFC 10-307] analyzing entity SynchronizerEdge
INFO: [VRFC 10-163] Analyzing VHDL file "/home/rrivera/CorrelatorTrigger/TimingDistribution/TimingDistributionClient/ctp7-v7-base-fw/submodules/surf/xilinx/7Series/general/rtl/Iprog7SeriesCore.vhd" into library xil_defaultlib
INFO: [VRFC 10-307] analyzing entity Iprog7SeriesCore
INFO: [VRFC 10-163] Analyzing VHDL file "/home/rrivera/CorrelatorTrigger/TimingDistribution/TimingDistributionClient/ctp7-v7-base-fw/submodules/surf/xilinx/7Series/general/rtl/Iprog7Series.vhd" into library xil_defaultlib
INFO: [VRFC 10-307] analyzing entity Iprog7Series
INFO: [VRFC 10-163] Analyzing VHDL file "/home/rrivera/CorrelatorTrigger/TimingDistribution/TimingDistributionClient/ctp7-v7-base-fw/submodules/surf/base/sync/rtl/SynchronizerFifo.vhd" into library xil_defaultlib
INFO: [VRFC 10-307] analyzing entity SynchronizerFifo
INFO: [VRFC 10-163] Analyzing VHDL file "/home/rrivera/CorrelatorTrigger/TimingDistribution/TimingDistributionClient/ctp7-v7-base-fw/submodules/surf/base/sync/rtl/SynchronizerOneShot.vhd" into library xil_defaultlib
INFO: [VRFC 10-307] analyzing entity SynchronizerOneShot
INFO: [VRFC 10-163] Analyzing VHDL file "/home/rrivera/CorrelatorTrigger/TimingDistribution/TimingDistributionClient/ctp7-v7-base-fw/submodules/surf/base/sync/rtl/SynchronizerOneShotCnt.vhd" into library xil_defaultlib
INFO: [VRFC 10-307] analyzing entity SynchronizerOneShotCnt
INFO: [VRFC 10-163] Analyzing VHDL file "/home/rrivera/CorrelatorTrigger/TimingDistribution/TimingDistributionClient/ctp7-v7-base-fw/submodules/surf/base/sync/rtl/SynchronizerOneShotCntVector.vhd" into library xil_defaultlib
INFO: [VRFC 10-307] analyzing entity SynchronizerOneShotCntVector
INFO: [VRFC 10-163] Analyzing VHDL file "/home/rrivera/CorrelatorTrigger/TimingDistribution/TimingDistributionClient/ctp7-v7-base-fw/firmware/hdl/TTC_decoder.vhd" into library xil_defaultlib
INFO: [VRFC 10-307] analyzing entity ttc_decoder
INFO: [VRFC 10-163] Analyzing VHDL file "/home/rrivera/CorrelatorTrigger/TimingDistribution/TimingDistributionClient/ctp7-v7-base-fw/firmware/hdl/ttc_pkg.vhd" into library xil_defaultlib
INFO: [VRFC 10-163] Analyzing VHDL file "/home/rrivera/CorrelatorTrigger/TimingDistribution/GEM_AMC-3/ctp7/hdl/system/pkg/system_pkg.vhd" into library xil_defaultlib
INFO: [VRFC 10-163] Analyzing VHDL file "/home/rrivera/CorrelatorTrigger/TimingDistribution/GEM_AMC-3/ctp7/hdl/system/pkg/gth_pkg.vhd" into library xil_defaultlib
INFO: [VRFC 10-163] Analyzing VHDL file "/home/rrivera/CorrelatorTrigger/TimingDistribution/GEM_AMC-3/ctp7/hdl/pkg/gem_board_config_pkg.vhd" into library xil_defaultlib
INFO: [VRFC 10-163] Analyzing VHDL file "/home/rrivera/CorrelatorTrigger/TimingDistribution/GEM_AMC-3/common/hdl/pkg/gem_pkg.vhd" into library xil_defaultlib
INFO: [VRFC 10-163] Analyzing VHDL file "/home/rrivera/CorrelatorTrigger/TimingDistribution/TimingDistributionClient/ctp7-v7-base-fw/firmware/hdl/ttc_cmd.vhd" into library xil_defaultlib
INFO: [VRFC 10-307] analyzing entity ttc_cmd
INFO: [VRFC 10-163] Analyzing VHDL file "/home/rrivera/CorrelatorTrigger/TimingDistribution/TimingDistributionClient/ctp7-v7-base-fw/firmware/hdl/local_timin_ref_gen.vhd" into library xil_defaultlib
INFO: [VRFC 10-307] analyzing entity local_timing_ref_gen
INFO: [VRFC 10-163] Analyzing VHDL file "/home/rrivera/CorrelatorTrigger/TimingDistribution/TimingDistributionClient/ctp7-v7-base-fw/firmware/hdl/ttc_core.vhd" into library xil_defaultlib
INFO: [VRFC 10-307] analyzing entity ttc_core
INFO: [VRFC 10-163] Analyzing VHDL file "/home/rrivera/CorrelatorTrigger/TimingDistribution/GEM_AMC-3/ctp7/hdl/system/gth_clk_bufs.vhd" into library xil_defaultlib
INFO: [VRFC 10-307] analyzing entity gth_clk_bufs
INFO: [VRFC 10-163] Analyzing VHDL file "/home/rrivera/CorrelatorTrigger/TimingDistribution/GEM_AMC-3/ctp7/hdl/system/gth_single_4p8g.vhd" into library xil_defaultlib
INFO: [VRFC 10-307] analyzing entity gth_single_4p8g
INFO: [VRFC 10-163] Analyzing VHDL file "/home/rrivera/CorrelatorTrigger/TimingDistribution/GEM_AMC-3/ctp7/hdl/system/gth_single_TX_STARTUP_FSM.vhd" into library xil_defaultlib
INFO: [VRFC 10-307] analyzing entity gth_single_TX_STARTUP_FSM
INFO: [VRFC 10-163] Analyzing VHDL file "/home/rrivera/CorrelatorTrigger/TimingDistribution/GEM_AMC-3/ctp7/hdl/system/gth_single_RX_STARTUP_FSM.vhd" into library xil_defaultlib
INFO: [VRFC 10-307] analyzing entity gth_single_RX_STARTUP_FSM
INFO: [VRFC 10-163] Analyzing VHDL file "/home/rrivera/CorrelatorTrigger/TimingDistribution/GEM_AMC-3/ctp7/hdl/system/gth_single_TX_MANUAL_PHASE_ALIGN.vhd" into library xil_defaultlib
INFO: [VRFC 10-307] analyzing entity gth_single_TX_MANUAL_PHASE_ALIGN
INFO: [VRFC 10-163] Analyzing VHDL file "/home/rrivera/CorrelatorTrigger/TimingDistribution/GEM_AMC-3/ctp7/hdl/system/gth_single_AUTO_PHASE_ALIGN.vhd" into library xil_defaultlib
INFO: [VRFC 10-307] analyzing entity gth_single_AUTO_PHASE_ALIGN
INFO: [VRFC 10-163] Analyzing VHDL file "/home/rrivera/CorrelatorTrigger/TimingDistribution/GEM_AMC-3/ctp7/hdl/system/gth_wrapper.vhd" into library xil_defaultlib
INFO: [VRFC 10-307] analyzing entity gth_wrapper
ERROR: [VRFC 10-149] 'gth_single_3p2g' is not compiled in library xil_defaultlib [/home/rrivera/CorrelatorTrigger/TimingDistribution/GEM_AMC-3/ctp7/hdl/system/gth_wrapper.vhd:372]
ERROR: [VRFC 10-1504] unit gth_wrapper_arch ignored due to previous errors [/home/rrivera/CorrelatorTrigger/TimingDistribution/GEM_AMC-3/ctp7/hdl/system/gth_wrapper.vhd:115]
INFO: [VRFC 10-240] VHDL file /home/rrivera/CorrelatorTrigger/TimingDistribution/GEM_AMC-3/ctp7/hdl/system/gth_wrapper.vhd ignored due to errors
