INFO: [VRFC 10-2263] Analyzing Verilog file "/home/rrivera/CorrelatorTrigger/TimingDistribution/TimingDistributionClient/ctp7-v7-base-fw/build/ctp7_top/ctp7_top_project.ip_user_files/ip/sync_fifo_gth_40/sim/sync_fifo_gth_40.v" into library xil_defaultlib
INFO: [VRFC 10-311] analyzing module sync_fifo_gth_40
INFO: [VRFC 10-2263] Analyzing Verilog file "/home/rrivera/CorrelatorTrigger/TimingDistribution/TimingDistributionClient/ctp7-v7-base-fw/build/ctp7_top/ctp7_top_project.ip_user_files/ip/xlx_k7v7_rx_dpram/sim/xlx_k7v7_rx_dpram.v" into library xil_defaultlib
INFO: [VRFC 10-311] analyzing module xlx_k7v7_rx_dpram
INFO: [VRFC 10-2263] Analyzing Verilog file "/home/rrivera/CorrelatorTrigger/TimingDistribution/TimingDistributionClient/ctp7-v7-base-fw/build/ctp7_top/ctp7_top_project.ip_user_files/ip/xlx_k7v7_tx_dpram/sim/xlx_k7v7_tx_dpram.v" into library xil_defaultlib
INFO: [VRFC 10-311] analyzing module xlx_k7v7_tx_dpram
INFO: [VRFC 10-2263] Analyzing Verilog file "/home/rrivera/CorrelatorTrigger/TimingDistribution/TimingDistributionClient/ctp7-v7-base-fw/build/ctp7_top/ctp7_top_project.srcs/sources_1/ip/ttc_mmcm/ttc_mmcm_clk_wiz.v" into library xil_defaultlib
INFO: [VRFC 10-311] analyzing module ttc_mmcm_clk_wiz
INFO: [VRFC 10-2263] Analyzing Verilog file "/home/rrivera/CorrelatorTrigger/TimingDistribution/TimingDistributionClient/ctp7-v7-base-fw/build/ctp7_top/ctp7_top_project.srcs/sources_1/ip/ttc_mmcm/ttc_mmcm.v" into library xil_defaultlib
INFO: [VRFC 10-311] analyzing module ttc_mmcm
INFO: [VRFC 10-2263] Analyzing Verilog file "/home/rrivera/CorrelatorTrigger/TimingDistribution/TimingDistributionClient/ctp7-v7-base-fw/build/ctp7_top/ctp7_top_project.srcs/sources_1/bd/2017/ip/v7_bd_axi_chip2chip_0_0/sim/v7_bd_axi_chip2chip_0_0.v" into library xil_defaultlib
INFO: [VRFC 10-311] analyzing module v7_bd_axi_chip2chip_0_0
INFO: [VRFC 10-2263] Analyzing Verilog file "/home/rrivera/CorrelatorTrigger/TimingDistribution/TimingDistributionClient/ctp7-v7-base-fw/build/ctp7_top/ctp7_top_project.srcs/sources_1/bd/2017/ip/v7_bd_clk_wiz_0_0/v7_bd_clk_wiz_0_0_clk_wiz.v" into library xil_defaultlib
INFO: [VRFC 10-311] analyzing module v7_bd_clk_wiz_0_0_clk_wiz
INFO: [VRFC 10-2458] undeclared symbol clk_out1_v7_bd_clk_wiz_0_0_en_clk, assumed default net type wire [/home/rrivera/CorrelatorTrigger/TimingDistribution/TimingDistributionClient/ctp7-v7-base-fw/build/ctp7_top/ctp7_top_project.srcs/sources_1/bd/2017/ip/v7_bd_clk_wiz_0_0/v7_bd_clk_wiz_0_0_clk_wiz.v:221]
INFO: [VRFC 10-2458] undeclared symbol clk_out2_v7_bd_clk_wiz_0_0_en_clk, assumed default net type wire [/home/rrivera/CorrelatorTrigger/TimingDistribution/TimingDistributionClient/ctp7-v7-base-fw/build/ctp7_top/ctp7_top_project.srcs/sources_1/bd/2017/ip/v7_bd_clk_wiz_0_0/v7_bd_clk_wiz_0_0_clk_wiz.v:233]
INFO: [VRFC 10-2458] undeclared symbol clk_out3_v7_bd_clk_wiz_0_0_en_clk, assumed default net type wire [/home/rrivera/CorrelatorTrigger/TimingDistribution/TimingDistributionClient/ctp7-v7-base-fw/build/ctp7_top/ctp7_top_project.srcs/sources_1/bd/2017/ip/v7_bd_clk_wiz_0_0/v7_bd_clk_wiz_0_0_clk_wiz.v:246]
INFO: [VRFC 10-2263] Analyzing Verilog file "/home/rrivera/CorrelatorTrigger/TimingDistribution/TimingDistributionClient/ctp7-v7-base-fw/build/ctp7_top/ctp7_top_project.srcs/sources_1/bd/2017/ip/v7_bd_clk_wiz_0_0/v7_bd_clk_wiz_0_0.v" into library xil_defaultlib
INFO: [VRFC 10-311] analyzing module v7_bd_clk_wiz_0_0
INFO: [VRFC 10-2263] Analyzing Verilog file "/home/rrivera/CorrelatorTrigger/TimingDistribution/TimingDistributionClient/ctp7-v7-base-fw/build/ctp7_top/ctp7_top_project.srcs/sources_1/bd/2017/ip/v7_bd_xbar_0/sim/v7_bd_xbar_0.v" into library xil_defaultlib
INFO: [VRFC 10-311] analyzing module v7_bd_xbar_0
INFO: [VRFC 10-2263] Analyzing Verilog file "/home/rrivera/CorrelatorTrigger/TimingDistribution/TimingDistributionClient/ctp7-v7-base-fw/build/ctp7_top/ctp7_top_project.srcs/sources_1/bd/2017/ip/v7_bd_auto_pc_0/sim/v7_bd_auto_pc_0.v" into library xil_defaultlib
INFO: [VRFC 10-311] analyzing module v7_bd_auto_pc_0
INFO: [VRFC 10-2263] Analyzing Verilog file "/home/rrivera/CorrelatorTrigger/TimingDistribution/TimingDistributionClient/ctp7-v7-base-fw/build/ctp7_top/ctp7_top_project.sim/sim_1/behav/xsim/glbl.v" into library xil_defaultlib
INFO: [VRFC 10-311] analyzing module glbl
